Release 14.7 Map P.20131013 (nt64)
Xilinx Mapping Report File for Design 'DES_Decoder'

Design Information
------------------
Command Line   : map -intstyle ise -p xc3s500e-fg320-5 -cm area -ir off -pr off
-c 100 -o DES_Decoder_map.ncd DES_Decoder.ngd DES_Decoder.pcf 
Target Device  : xc3s500e
Target Package : fg320
Target Speed   : -5
Mapper Version : spartan3e -- $Revision: 1.55 $
Mapped Date    : Tue Aug 21 23:07:09 2018

Design Summary
--------------
Number of errors:      0
Number of warnings:    0
Logic Utilization:
  Number of Slice Flip Flops:         1,744 out of   9,312   18%
  Number of 4 input LUTs:             6,577 out of   9,312   70%
Logic Distribution:
  Number of occupied Slices:          4,018 out of   4,656   86%
    Number of Slices containing only related logic:   4,018 out of   4,018 100%
    Number of Slices containing unrelated logic:          0 out of   4,018   0%
      *See NOTES below for an explanation of the effects of unrelated logic.
  Total Number of 4 input LUTs:       6,577 out of   9,312   70%
    Number used as logic:             6,465
    Number used as Shift registers:     112

  The Slice Logic Distribution report is not meaningful if the design is
  over-mapped for a non-slice resource or if Placement fails.

  Number of bonded IOBs:                185 out of     232   79%
  Number of BUFGMUXs:                     1 out of      24    4%

Average Fanout of Non-Clock Nets:                4.41

Peak Memory Usage:  4498 MB
Total REAL time to MAP completion:  28 secs 
Total CPU time to MAP completion:   8 secs 

NOTES:

   Related logic is defined as being logic that shares connectivity - e.g. two
   LUTs are "related" if they share common inputs.  When assembling slices,
   Map gives priority to combine logic that is related.  Doing so results in
   the best timing performance.

   Unrelated logic shares no connectivity.  Map will only begin packing
   unrelated logic into a slice once 99% of the slices are occupied through
   related logic packing.

   Note that once logic distribution reaches the 99% level through related
   logic packing, this does not mean the device is completely utilized.
   Unrelated logic packing will then begin, continuing until all usable LUTs
   and FFs are occupied.  Depending on your timing budget, increased levels of
   unrelated logic packing may adversely affect the overall timing performance
   of your design.

Table of Contents
-----------------
Section 1 - Errors
Section 2 - Warnings
Section 3 - Informational
Section 4 - Removed Logic Summary
Section 5 - Removed Logic
Section 6 - IOB Properties
Section 7 - RPMs
Section 8 - Guide Report
Section 9 - Area Group and Partition Summary
Section 10 - Timing Report
Section 11 - Configuration String Information
Section 12 - Control Set Information
Section 13 - Utilization by Hierarchy

Section 1 - Errors
------------------

Section 2 - Warnings
--------------------

Section 3 - Informational
-------------------------
INFO:LIT:243 - Logical network key<7> has no load.
INFO:LIT:395 - The above info message is repeated 7 more times for the following
   (max. 5 shown):
   key<15>,
   key<23>,
   key<31>,
   key<39>,
   key<47>
   To see the details of these info messages, please use the -detail switch.
INFO:MapLib:562 - No environment variables are currently set.
INFO:LIT:244 - All of the single ended outputs in this design are using slew
   rate limited output drivers. The delay on speed critical single ended outputs
   can be dramatically reduced by designating them as fast outputs.

Section 4 - Removed Logic Summary
---------------------------------
 113 block(s) optimized away

Section 5 - Removed Logic
-------------------------

Optimized Block(s):
TYPE 		BLOCK
GND 		XST_GND

To enable printing of redundant blocks removed and signals merged, set the
detailed map report option and rerun map.

Section 6 - IOB Properties
--------------------------

+---------------------------------------------------------------------------------------------------------------------------------------------------------+
| IOB Name                           | Type             | Direction | IO Standard          | Diff  | Drive    | Slew | Reg (s)      | Resistor | IOB      |
|                                    |                  |           |                      | Term  | Strength | Rate |              |          | Delay    |
+---------------------------------------------------------------------------------------------------------------------------------------------------------+
| Clk_50MHz                          | IBUF             | INPUT     | LVTTL                |       |          |      |              |          | 0 / 0    |
| ciphertext<0>                      | IBUF             | INPUT     | LVCMOS25             |       |          |      |              |          | 0 / 0    |
| ciphertext<1>                      | IBUF             | INPUT     | LVCMOS25             |       |          |      |              |          | 0 / 0    |
| ciphertext<2>                      | IBUF             | INPUT     | LVCMOS25             |       |          |      |              |          | 0 / 0    |
| ciphertext<3>                      | IBUF             | INPUT     | LVCMOS25             |       |          |      |              |          | 0 / 0    |
| ciphertext<4>                      | IBUF             | INPUT     | LVCMOS25             |       |          |      |              |          | 0 / 0    |
| ciphertext<5>                      | IBUF             | INPUT     | LVCMOS25             |       |          |      |              |          | 0 / 0    |
| ciphertext<6>                      | IBUF             | INPUT     | LVCMOS25             |       |          |      |              |          | 0 / 0    |
| ciphertext<7>                      | IBUF             | INPUT     | LVCMOS25             |       |          |      |              |          | 0 / 0    |
| ciphertext<8>                      | IBUF             | INPUT     | LVCMOS25             |       |          |      |              |          | 0 / 0    |
| ciphertext<9>                      | IBUF             | INPUT     | LVCMOS25             |       |          |      |              |          | 0 / 0    |
| ciphertext<10>                     | IBUF             | INPUT     | LVCMOS25             |       |          |      |              |          | 0 / 0    |
| ciphertext<11>                     | IBUF             | INPUT     | LVCMOS25             |       |          |      |              |          | 0 / 0    |
| ciphertext<12>                     | IBUF             | INPUT     | LVCMOS25             |       |          |      |              |          | 0 / 0    |
| ciphertext<13>                     | IBUF             | INPUT     | LVCMOS25             |       |          |      |              |          | 0 / 0    |
| ciphertext<14>                     | IBUF             | INPUT     | LVCMOS25             |       |          |      |              |          | 0 / 0    |
| ciphertext<15>                     | IBUF             | INPUT     | LVCMOS25             |       |          |      |              |          | 0 / 0    |
| ciphertext<16>                     | IBUF             | INPUT     | LVCMOS25             |       |          |      |              |          | 0 / 0    |
| ciphertext<17>                     | IBUF             | INPUT     | LVCMOS25             |       |          |      |              |          | 0 / 0    |
| ciphertext<18>                     | IBUF             | INPUT     | LVCMOS25             |       |          |      |              |          | 0 / 0    |
| ciphertext<19>                     | IBUF             | INPUT     | LVCMOS25             |       |          |      |              |          | 0 / 0    |
| ciphertext<20>                     | IBUF             | INPUT     | LVCMOS25             |       |          |      |              |          | 0 / 0    |
| ciphertext<21>                     | IBUF             | INPUT     | LVCMOS25             |       |          |      |              |          | 0 / 0    |
| ciphertext<22>                     | IBUF             | INPUT     | LVCMOS25             |       |          |      |              |          | 0 / 0    |
| ciphertext<23>                     | IBUF             | INPUT     | LVCMOS25             |       |          |      |              |          | 0 / 0    |
| ciphertext<24>                     | IBUF             | INPUT     | LVCMOS25             |       |          |      |              |          | 0 / 0    |
| ciphertext<25>                     | IBUF             | INPUT     | LVCMOS25             |       |          |      |              |          | 0 / 0    |
| ciphertext<26>                     | IBUF             | INPUT     | LVCMOS25             |       |          |      |              |          | 0 / 0    |
| ciphertext<27>                     | IBUF             | INPUT     | LVCMOS25             |       |          |      |              |          | 0 / 0    |
| ciphertext<28>                     | IBUF             | INPUT     | LVCMOS25             |       |          |      |              |          | 0 / 0    |
| ciphertext<29>                     | IBUF             | INPUT     | LVCMOS25             |       |          |      |              |          | 0 / 0    |
| ciphertext<30>                     | IBUF             | INPUT     | LVCMOS25             |       |          |      |              |          | 0 / 0    |
| ciphertext<31>                     | IBUF             | INPUT     | LVCMOS25             |       |          |      |              |          | 0 / 0    |
| ciphertext<32>                     | IBUF             | INPUT     | LVCMOS25             |       |          |      |              |          | 0 / 0    |
| ciphertext<33>                     | IBUF             | INPUT     | LVCMOS25             |       |          |      |              |          | 0 / 0    |
| ciphertext<34>                     | IBUF             | INPUT     | LVCMOS25             |       |          |      |              |          | 0 / 0    |
| ciphertext<35>                     | IBUF             | INPUT     | LVCMOS25             |       |          |      |              |          | 0 / 0    |
| ciphertext<36>                     | IBUF             | INPUT     | LVCMOS25             |       |          |      |              |          | 0 / 0    |
| ciphertext<37>                     | IBUF             | INPUT     | LVCMOS25             |       |          |      |              |          | 0 / 0    |
| ciphertext<38>                     | IBUF             | INPUT     | LVCMOS25             |       |          |      |              |          | 0 / 0    |
| ciphertext<39>                     | IBUF             | INPUT     | LVCMOS25             |       |          |      |              |          | 0 / 0    |
| ciphertext<40>                     | IBUF             | INPUT     | LVCMOS25             |       |          |      |              |          | 0 / 0    |
| ciphertext<41>                     | IBUF             | INPUT     | LVCMOS25             |       |          |      |              |          | 0 / 0    |
| ciphertext<42>                     | IBUF             | INPUT     | LVCMOS25             |       |          |      |              |          | 0 / 0    |
| ciphertext<43>                     | IBUF             | INPUT     | LVCMOS25             |       |          |      |              |          | 0 / 0    |
| ciphertext<44>                     | IBUF             | INPUT     | LVCMOS25             |       |          |      |              |          | 0 / 0    |
| ciphertext<45>                     | IBUF             | INPUT     | LVCMOS25             |       |          |      |              |          | 0 / 0    |
| ciphertext<46>                     | IBUF             | INPUT     | LVCMOS25             |       |          |      |              |          | 0 / 0    |
| ciphertext<47>                     | IBUF             | INPUT     | LVCMOS25             |       |          |      |              |          | 0 / 0    |
| ciphertext<48>                     | IBUF             | INPUT     | LVCMOS25             |       |          |      |              |          | 0 / 0    |
| ciphertext<49>                     | IBUF             | INPUT     | LVCMOS25             |       |          |      |              |          | 0 / 0    |
| ciphertext<50>                     | IBUF             | INPUT     | LVCMOS25             |       |          |      |              |          | 0 / 0    |
| ciphertext<51>                     | IBUF             | INPUT     | LVCMOS25             |       |          |      |              |          | 0 / 0    |
| ciphertext<52>                     | IBUF             | INPUT     | LVCMOS25             |       |          |      |              |          | 0 / 0    |
| ciphertext<53>                     | IBUF             | INPUT     | LVCMOS25             |       |          |      |              |          | 0 / 0    |
| ciphertext<54>                     | IBUF             | INPUT     | LVCMOS25             |       |          |      |              |          | 0 / 0    |
| ciphertext<55>                     | IBUF             | INPUT     | LVCMOS25             |       |          |      |              |          | 0 / 0    |
| ciphertext<56>                     | IBUF             | INPUT     | LVCMOS25             |       |          |      |              |          | 0 / 0    |
| ciphertext<57>                     | IBUF             | INPUT     | LVCMOS25             |       |          |      |              |          | 0 / 0    |
| ciphertext<58>                     | IBUF             | INPUT     | LVCMOS25             |       |          |      |              |          | 0 / 0    |
| ciphertext<59>                     | IBUF             | INPUT     | LVCMOS25             |       |          |      |              |          | 0 / 0    |
| ciphertext<60>                     | IBUF             | INPUT     | LVCMOS25             |       |          |      |              |          | 0 / 0    |
| ciphertext<61>                     | IBUF             | INPUT     | LVCMOS25             |       |          |      |              |          | 0 / 0    |
| ciphertext<62>                     | IBUF             | INPUT     | LVCMOS25             |       |          |      |              |          | 0 / 0    |
| ciphertext<63>                     | IBUF             | INPUT     | LVCMOS25             |       |          |      |              |          | 0 / 0    |
| key<0>                             | IBUF             | INPUT     | LVCMOS25             |       |          |      |              |          | 0 / 0    |
| key<1>                             | IBUF             | INPUT     | LVCMOS25             |       |          |      |              |          | 0 / 0    |
| key<2>                             | IBUF             | INPUT     | LVCMOS25             |       |          |      |              |          | 0 / 0    |
| key<3>                             | IBUF             | INPUT     | LVCMOS25             |       |          |      |              |          | 0 / 0    |
| key<4>                             | IBUF             | INPUT     | LVCMOS25             |       |          |      |              |          | 0 / 0    |
| key<5>                             | IBUF             | INPUT     | LVCMOS25             |       |          |      |              |          | 0 / 0    |
| key<6>                             | IBUF             | INPUT     | LVCMOS25             |       |          |      |              |          | 0 / 0    |
| key<8>                             | IBUF             | INPUT     | LVCMOS25             |       |          |      |              |          | 0 / 0    |
| key<9>                             | IBUF             | INPUT     | LVCMOS25             |       |          |      |              |          | 0 / 0    |
| key<10>                            | IBUF             | INPUT     | LVCMOS25             |       |          |      |              |          | 0 / 0    |
| key<11>                            | IBUF             | INPUT     | LVCMOS25             |       |          |      |              |          | 0 / 0    |
| key<12>                            | IBUF             | INPUT     | LVCMOS25             |       |          |      |              |          | 0 / 0    |
| key<13>                            | IBUF             | INPUT     | LVCMOS25             |       |          |      |              |          | 0 / 0    |
| key<14>                            | IBUF             | INPUT     | LVCMOS25             |       |          |      |              |          | 0 / 0    |
| key<16>                            | IBUF             | INPUT     | LVCMOS25             |       |          |      |              |          | 0 / 0    |
| key<17>                            | IBUF             | INPUT     | LVCMOS25             |       |          |      |              |          | 0 / 0    |
| key<18>                            | IBUF             | INPUT     | LVCMOS25             |       |          |      |              |          | 0 / 0    |
| key<19>                            | IBUF             | INPUT     | LVCMOS25             |       |          |      |              |          | 0 / 0    |
| key<20>                            | IBUF             | INPUT     | LVCMOS25             |       |          |      |              |          | 0 / 0    |
| key<21>                            | IBUF             | INPUT     | LVCMOS25             |       |          |      |              |          | 0 / 0    |
| key<22>                            | IBUF             | INPUT     | LVCMOS25             |       |          |      |              |          | 0 / 0    |
| key<24>                            | IBUF             | INPUT     | LVCMOS25             |       |          |      |              |          | 0 / 0    |
| key<25>                            | IBUF             | INPUT     | LVCMOS25             |       |          |      |              |          | 0 / 0    |
| key<26>                            | IBUF             | INPUT     | LVCMOS25             |       |          |      |              |          | 0 / 0    |
| key<27>                            | IBUF             | INPUT     | LVCMOS25             |       |          |      |              |          | 0 / 0    |
| key<28>                            | IBUF             | INPUT     | LVCMOS25             |       |          |      |              |          | 0 / 0    |
| key<29>                            | IBUF             | INPUT     | LVCMOS25             |       |          |      |              |          | 0 / 0    |
| key<30>                            | IBUF             | INPUT     | LVCMOS25             |       |          |      |              |          | 0 / 0    |
| key<32>                            | IBUF             | INPUT     | LVCMOS25             |       |          |      |              |          | 0 / 0    |
| key<33>                            | IBUF             | INPUT     | LVCMOS25             |       |          |      |              |          | 0 / 0    |
| key<34>                            | IBUF             | INPUT     | LVCMOS25             |       |          |      |              |          | 0 / 0    |
| key<35>                            | IBUF             | INPUT     | LVCMOS25             |       |          |      |              |          | 0 / 0    |
| key<36>                            | IBUF             | INPUT     | LVCMOS25             |       |          |      |              |          | 0 / 0    |
| key<37>                            | IBUF             | INPUT     | LVCMOS25             |       |          |      |              |          | 0 / 0    |
| key<38>                            | IBUF             | INPUT     | LVCMOS25             |       |          |      |              |          | 0 / 0    |
| key<40>                            | IBUF             | INPUT     | LVCMOS25             |       |          |      |              |          | 0 / 0    |
| key<41>                            | IBUF             | INPUT     | LVCMOS25             |       |          |      |              |          | 0 / 0    |
| key<42>                            | IBUF             | INPUT     | LVCMOS25             |       |          |      |              |          | 0 / 0    |
| key<43>                            | IBUF             | INPUT     | LVCMOS25             |       |          |      |              |          | 0 / 0    |
| key<44>                            | IBUF             | INPUT     | LVCMOS25             |       |          |      |              |          | 0 / 0    |
| key<45>                            | IBUF             | INPUT     | LVCMOS25             |       |          |      |              |          | 0 / 0    |
| key<46>                            | IBUF             | INPUT     | LVCMOS25             |       |          |      |              |          | 0 / 0    |
| key<48>                            | IBUF             | INPUT     | LVCMOS25             |       |          |      |              |          | 0 / 0    |
| key<49>                            | IBUF             | INPUT     | LVCMOS25             |       |          |      |              |          | 0 / 0    |
| key<50>                            | IBUF             | INPUT     | LVCMOS25             |       |          |      |              |          | 0 / 0    |
| key<51>                            | IBUF             | INPUT     | LVCMOS25             |       |          |      |              |          | 0 / 0    |
| key<52>                            | IBUF             | INPUT     | LVCMOS25             |       |          |      |              |          | 0 / 0    |
| key<53>                            | IBUF             | INPUT     | LVCMOS25             |       |          |      |              |          | 0 / 0    |
| key<54>                            | IBUF             | INPUT     | LVCMOS25             |       |          |      |              |          | 0 / 0    |
| key<56>                            | IBUF             | INPUT     | LVCMOS25             |       |          |      |              |          | 0 / 0    |
| key<57>                            | IBUF             | INPUT     | LVCMOS25             |       |          |      |              |          | 0 / 0    |
| key<58>                            | IBUF             | INPUT     | LVCMOS25             |       |          |      |              |          | 0 / 0    |
| key<59>                            | IBUF             | INPUT     | LVCMOS25             |       |          |      |              |          | 0 / 0    |
| key<60>                            | IBUF             | INPUT     | LVCMOS25             |       |          |      |              |          | 0 / 0    |
| key<61>                            | IBUF             | INPUT     | LVCMOS25             |       |          |      |              |          | 0 / 0    |
| key<62>                            | IBUF             | INPUT     | LVCMOS25             |       |          |      |              |          | 0 / 0    |
| plaintext<0>                       | IOB              | OUTPUT    | LVCMOS25             |       | 12       | SLOW |              |          | 0 / 0    |
| plaintext<1>                       | IOB              | OUTPUT    | LVCMOS25             |       | 12       | SLOW |              |          | 0 / 0    |
| plaintext<2>                       | IOB              | OUTPUT    | LVCMOS25             |       | 12       | SLOW |              |          | 0 / 0    |
| plaintext<3>                       | IOB              | OUTPUT    | LVCMOS25             |       | 12       | SLOW |              |          | 0 / 0    |
| plaintext<4>                       | IOB              | OUTPUT    | LVCMOS25             |       | 12       | SLOW |              |          | 0 / 0    |
| plaintext<5>                       | IOB              | OUTPUT    | LVCMOS25             |       | 12       | SLOW |              |          | 0 / 0    |
| plaintext<6>                       | IOB              | OUTPUT    | LVCMOS25             |       | 12       | SLOW |              |          | 0 / 0    |
| plaintext<7>                       | IOB              | OUTPUT    | LVCMOS25             |       | 12       | SLOW |              |          | 0 / 0    |
| plaintext<8>                       | IOB              | OUTPUT    | LVCMOS25             |       | 12       | SLOW |              |          | 0 / 0    |
| plaintext<9>                       | IOB              | OUTPUT    | LVCMOS25             |       | 12       | SLOW |              |          | 0 / 0    |
| plaintext<10>                      | IOB              | OUTPUT    | LVCMOS25             |       | 12       | SLOW |              |          | 0 / 0    |
| plaintext<11>                      | IOB              | OUTPUT    | LVCMOS25             |       | 12       | SLOW |              |          | 0 / 0    |
| plaintext<12>                      | IOB              | OUTPUT    | LVCMOS25             |       | 12       | SLOW |              |          | 0 / 0    |
| plaintext<13>                      | IOB              | OUTPUT    | LVCMOS25             |       | 12       | SLOW |              |          | 0 / 0    |
| plaintext<14>                      | IOB              | OUTPUT    | LVCMOS25             |       | 12       | SLOW |              |          | 0 / 0    |
| plaintext<15>                      | IOB              | OUTPUT    | LVCMOS25             |       | 12       | SLOW |              |          | 0 / 0    |
| plaintext<16>                      | IOB              | OUTPUT    | LVCMOS25             |       | 12       | SLOW |              |          | 0 / 0    |
| plaintext<17>                      | IOB              | OUTPUT    | LVCMOS25             |       | 12       | SLOW |              |          | 0 / 0    |
| plaintext<18>                      | IOB              | OUTPUT    | LVCMOS25             |       | 12       | SLOW |              |          | 0 / 0    |
| plaintext<19>                      | IOB              | OUTPUT    | LVCMOS25             |       | 12       | SLOW |              |          | 0 / 0    |
| plaintext<20>                      | IOB              | OUTPUT    | LVCMOS25             |       | 12       | SLOW |              |          | 0 / 0    |
| plaintext<21>                      | IOB              | OUTPUT    | LVCMOS25             |       | 12       | SLOW |              |          | 0 / 0    |
| plaintext<22>                      | IOB              | OUTPUT    | LVCMOS25             |       | 12       | SLOW |              |          | 0 / 0    |
| plaintext<23>                      | IOB              | OUTPUT    | LVCMOS25             |       | 12       | SLOW |              |          | 0 / 0    |
| plaintext<24>                      | IOB              | OUTPUT    | LVCMOS25             |       | 12       | SLOW |              |          | 0 / 0    |
| plaintext<25>                      | IOB              | OUTPUT    | LVCMOS25             |       | 12       | SLOW |              |          | 0 / 0    |
| plaintext<26>                      | IOB              | OUTPUT    | LVCMOS25             |       | 12       | SLOW |              |          | 0 / 0    |
| plaintext<27>                      | IOB              | OUTPUT    | LVCMOS25             |       | 12       | SLOW |              |          | 0 / 0    |
| plaintext<28>                      | IOB              | OUTPUT    | LVCMOS25             |       | 12       | SLOW |              |          | 0 / 0    |
| plaintext<29>                      | IOB              | OUTPUT    | LVCMOS25             |       | 12       | SLOW |              |          | 0 / 0    |
| plaintext<30>                      | IOB              | OUTPUT    | LVCMOS25             |       | 12       | SLOW |              |          | 0 / 0    |
| plaintext<31>                      | IOB              | OUTPUT    | LVCMOS25             |       | 12       | SLOW |              |          | 0 / 0    |
| plaintext<32>                      | IOB              | OUTPUT    | LVCMOS25             |       | 12       | SLOW |              |          | 0 / 0    |
| plaintext<33>                      | IOB              | OUTPUT    | LVCMOS25             |       | 12       | SLOW |              |          | 0 / 0    |
| plaintext<34>                      | IOB              | OUTPUT    | LVCMOS25             |       | 12       | SLOW |              |          | 0 / 0    |
| plaintext<35>                      | IOB              | OUTPUT    | LVCMOS25             |       | 12       | SLOW |              |          | 0 / 0    |
| plaintext<36>                      | IOB              | OUTPUT    | LVCMOS25             |       | 12       | SLOW |              |          | 0 / 0    |
| plaintext<37>                      | IOB              | OUTPUT    | LVCMOS25             |       | 12       | SLOW |              |          | 0 / 0    |
| plaintext<38>                      | IOB              | OUTPUT    | LVCMOS25             |       | 12       | SLOW |              |          | 0 / 0    |
| plaintext<39>                      | IOB              | OUTPUT    | LVCMOS25             |       | 12       | SLOW |              |          | 0 / 0    |
| plaintext<40>                      | IOB              | OUTPUT    | LVCMOS25             |       | 12       | SLOW |              |          | 0 / 0    |
| plaintext<41>                      | IOB              | OUTPUT    | LVCMOS25             |       | 12       | SLOW |              |          | 0 / 0    |
| plaintext<42>                      | IOB              | OUTPUT    | LVCMOS25             |       | 12       | SLOW |              |          | 0 / 0    |
| plaintext<43>                      | IOB              | OUTPUT    | LVCMOS25             |       | 12       | SLOW |              |          | 0 / 0    |
| plaintext<44>                      | IOB              | OUTPUT    | LVCMOS25             |       | 12       | SLOW |              |          | 0 / 0    |
| plaintext<45>                      | IOB              | OUTPUT    | LVCMOS25             |       | 12       | SLOW |              |          | 0 / 0    |
| plaintext<46>                      | IOB              | OUTPUT    | LVCMOS25             |       | 12       | SLOW |              |          | 0 / 0    |
| plaintext<47>                      | IOB              | OUTPUT    | LVCMOS25             |       | 12       | SLOW |              |          | 0 / 0    |
| plaintext<48>                      | IOB              | OUTPUT    | LVCMOS25             |       | 12       | SLOW |              |          | 0 / 0    |
| plaintext<49>                      | IOB              | OUTPUT    | LVCMOS25             |       | 12       | SLOW |              |          | 0 / 0    |
| plaintext<50>                      | IOB              | OUTPUT    | LVCMOS25             |       | 12       | SLOW |              |          | 0 / 0    |
| plaintext<51>                      | IOB              | OUTPUT    | LVCMOS25             |       | 12       | SLOW |              |          | 0 / 0    |
| plaintext<52>                      | IOB              | OUTPUT    | LVCMOS25             |       | 12       | SLOW |              |          | 0 / 0    |
| plaintext<53>                      | IOB              | OUTPUT    | LVCMOS25             |       | 12       | SLOW |              |          | 0 / 0    |
| plaintext<54>                      | IOB              | OUTPUT    | LVCMOS25             |       | 12       | SLOW |              |          | 0 / 0    |
| plaintext<55>                      | IOB              | OUTPUT    | LVCMOS25             |       | 12       | SLOW |              |          | 0 / 0    |
| plaintext<56>                      | IOB              | OUTPUT    | LVCMOS25             |       | 12       | SLOW |              |          | 0 / 0    |
| plaintext<57>                      | IOB              | OUTPUT    | LVCMOS25             |       | 12       | SLOW |              |          | 0 / 0    |
| plaintext<58>                      | IOB              | OUTPUT    | LVCMOS25             |       | 12       | SLOW |              |          | 0 / 0    |
| plaintext<59>                      | IOB              | OUTPUT    | LVCMOS25             |       | 12       | SLOW |              |          | 0 / 0    |
| plaintext<60>                      | IOB              | OUTPUT    | LVCMOS25             |       | 12       | SLOW |              |          | 0 / 0    |
| plaintext<61>                      | IOB              | OUTPUT    | LVCMOS25             |       | 12       | SLOW |              |          | 0 / 0    |
| plaintext<62>                      | IOB              | OUTPUT    | LVCMOS25             |       | 12       | SLOW |              |          | 0 / 0    |
| plaintext<63>                      | IOB              | OUTPUT    | LVCMOS25             |       | 12       | SLOW |              |          | 0 / 0    |
+---------------------------------------------------------------------------------------------------------------------------------------------------------+

Section 7 - RPMs
----------------

Section 8 - Guide Report
------------------------
Guide not run on this design.

Section 9 - Area Group and Partition Summary
--------------------------------------------

Partition Implementation Status
-------------------------------

  No Partitions were found in this design.

-------------------------------

Area Group Information
----------------------

  No area groups were found in this design.

----------------------

Section 10 - Timing Report
--------------------------
This design was not run using timing mode.

Section 11 - Configuration String Details
-----------------------------------------
Use the "-detail" map option to print out Configuration Strings

Section 12 - Control Set Information
------------------------------------
No control set information for this architecture.

Section 13 - Utilization by Hierarchy
-------------------------------------
Use the "-detail" map option to print out the Utilization by Hierarchy section.
