Release 14.7 - xst P.20131013 (nt64)
Copyright (c) 1995-2013 Xilinx, Inc.  All rights reserved.
--> Parameter TMPDIR set to xst/projnav.tmp


Total REAL time to Xst completion: 1.00 secs
Total CPU time to Xst completion: 0.12 secs
 
--> Parameter xsthdpdir set to xst


Total REAL time to Xst completion: 1.00 secs
Total CPU time to Xst completion: 0.12 secs
 
--> Reading design: Feistel.prj

TABLE OF CONTENTS
  1) Synthesis Options Summary
  2) HDL Compilation
  3) Design Hierarchy Analysis
  4) HDL Analysis
  5) HDL Synthesis
     5.1) HDL Synthesis Report
  6) Advanced HDL Synthesis
     6.1) Advanced HDL Synthesis Report
  7) Low Level Synthesis
  8) Partition Report
  9) Final Report
	9.1) Device utilization summary
	9.2) Partition Resource Summary
	9.3) TIMING REPORT


=========================================================================
*                      Synthesis Options Summary                        *
=========================================================================
---- Source Parameters
Input File Name                    : "Feistel.prj"
Input Format                       : mixed
Ignore Synthesis Constraint File   : NO

---- Target Parameters
Output File Name                   : "Feistel"
Output Format                      : NGC
Target Device                      : xc3s500e-5-vq100

---- Source Options
Top Module Name                    : Feistel
Automatic FSM Extraction           : YES
FSM Encoding Algorithm             : Auto
Safe Implementation                : No
FSM Style                          : LUT
RAM Extraction                     : Yes
RAM Style                          : Auto
ROM Extraction                     : Yes
Mux Style                          : Auto
Decoder Extraction                 : YES
Priority Encoder Extraction        : Yes
Shift Register Extraction          : YES
Logical Shifter Extraction         : YES
XOR Collapsing                     : YES
ROM Style                          : Auto
Mux Extraction                     : Yes
Resource Sharing                   : YES
Asynchronous To Synchronous        : NO
Multiplier Style                   : Auto
Automatic Register Balancing       : No

---- Target Options
Add IO Buffers                     : YES
Global Maximum Fanout              : 100000
Add Generic Clock Buffer(BUFG)     : 24
Register Duplication               : YES
Slice Packing                      : YES
Optimize Instantiated Primitives   : NO
Use Clock Enable                   : Yes
Use Synchronous Set                : Yes
Use Synchronous Reset              : Yes
Pack IO Registers into IOBs        : Auto
Equivalent register Removal        : YES

---- General Options
Optimization Goal                  : Speed
Optimization Effort                : 1
Keep Hierarchy                     : No
Netlist Hierarchy                  : As_Optimized
RTL Output                         : Yes
Global Optimization                : AllClockNets
Read Cores                         : YES
Write Timing Constraints           : NO
Cross Clock Analysis               : NO
Hierarchy Separator                : /
Bus Delimiter                      : <>
Case Specifier                     : Maintain
Slice Utilization Ratio            : 100
BRAM Utilization Ratio             : 100
Verilog 2001                       : YES
Auto BRAM Packing                  : NO
Slice Utilization Ratio Delta      : 5

=========================================================================


=========================================================================
*                          HDL Compilation                              *
=========================================================================
Compiling vhdl file "C:/Users/Filicz/Documents/workspace/ISE Projects/DES/sbox_0.vhd" in Library work.
Architecture behavior of Entity sbox_0 is up to date.
Compiling vhdl file "C:/Users/Filicz/Documents/workspace/ISE Projects/DES/sbox_1.vhd" in Library work.
Architecture behavior of Entity sbox_1 is up to date.
Compiling vhdl file "C:/Users/Filicz/Documents/workspace/ISE Projects/DES/sbox_2.vhd" in Library work.
Architecture behavior of Entity sbox_2 is up to date.
Compiling vhdl file "C:/Users/Filicz/Documents/workspace/ISE Projects/DES/sbox_3.vhd" in Library work.
Architecture behavior of Entity sbox_3 is up to date.
Compiling vhdl file "C:/Users/Filicz/Documents/workspace/ISE Projects/DES/sbox_4.vhd" in Library work.
Architecture behavior of Entity sbox_4 is up to date.
Compiling vhdl file "C:/Users/Filicz/Documents/workspace/ISE Projects/DES/sbox_5.vhd" in Library work.
Architecture behavior of Entity sbox_5 is up to date.
Compiling vhdl file "C:/Users/Filicz/Documents/workspace/ISE Projects/DES/sbox_6.vhd" in Library work.
Architecture behavior of Entity sbox_6 is up to date.
Compiling vhdl file "C:/Users/Filicz/Documents/workspace/ISE Projects/DES/sbox_7.vhd" in Library work.
Architecture behavior of Entity sbox_7 is up to date.
Compiling vhdl file "C:/Users/Filicz/Documents/workspace/ISE Projects/DES/expP.vhd" in Library work.
Architecture behavior of Entity expp is up to date.
Compiling vhdl file "C:/Users/Filicz/Documents/workspace/ISE Projects/DES/xor48.vhd" in Library work.
Architecture behavioral of Entity xor48 is up to date.
Compiling vhdl file "C:/Users/Filicz/Documents/workspace/ISE Projects/DES/sboxes.vhd" in Library work.
Architecture behavior of Entity sboxes is up to date.
Compiling vhdl file "C:/Users/Filicz/Documents/workspace/ISE Projects/DES/pblockP.vhd" in Library work.
Architecture behavior of Entity pblockp is up to date.
Compiling vhdl file "C:/Users/Filicz/Documents/workspace/ISE Projects/DES/xorLR.vhd" in Library work.
Architecture behavioral of Entity xorlr is up to date.
Compiling vhdl file "C:/Users/Filicz/Documents/workspace/ISE Projects/DES/Feistel.vhf" in Library work.
Entity <Feistel> compiled.
Entity <Feistel> (Architecture <BEHAVIORAL>) compiled.

=========================================================================
*                     Design Hierarchy Analysis                         *
=========================================================================
Analyzing hierarchy for entity <Feistel> in library <work> (architecture <BEHAVIORAL>).

Analyzing hierarchy for entity <expP> in library <work> (architecture <behavior>).

Analyzing hierarchy for entity <xor48> in library <work> (architecture <behavioral>).

Analyzing hierarchy for entity <sboxes> in library <work> (architecture <behavior>).

Analyzing hierarchy for entity <pblockP> in library <work> (architecture <behavior>).

Analyzing hierarchy for entity <xorLR> in library <work> (architecture <behavioral>).

Analyzing hierarchy for entity <sbox_0> in library <work> (architecture <behavior>).

Analyzing hierarchy for entity <sbox_1> in library <work> (architecture <behavior>).

Analyzing hierarchy for entity <sbox_2> in library <work> (architecture <behavior>).

Analyzing hierarchy for entity <sbox_3> in library <work> (architecture <behavior>).

Analyzing hierarchy for entity <sbox_4> in library <work> (architecture <behavior>).

Analyzing hierarchy for entity <sbox_5> in library <work> (architecture <behavior>).

Analyzing hierarchy for entity <sbox_6> in library <work> (architecture <behavior>).

Analyzing hierarchy for entity <sbox_7> in library <work> (architecture <behavior>).


=========================================================================
*                            HDL Analysis                               *
=========================================================================
Analyzing Entity <Feistel> in library <work> (Architecture <BEHAVIORAL>).
Entity <Feistel> analyzed. Unit <Feistel> generated.

Analyzing Entity <expP> in library <work> (Architecture <behavior>).
Entity <expP> analyzed. Unit <expP> generated.

Analyzing Entity <xor48> in library <work> (Architecture <behavioral>).
Entity <xor48> analyzed. Unit <xor48> generated.

Analyzing Entity <sboxes> in library <work> (Architecture <behavior>).
Entity <sboxes> analyzed. Unit <sboxes> generated.

Analyzing Entity <sbox_0> in library <work> (Architecture <behavior>).
Entity <sbox_0> analyzed. Unit <sbox_0> generated.

Analyzing Entity <sbox_1> in library <work> (Architecture <behavior>).
Entity <sbox_1> analyzed. Unit <sbox_1> generated.

Analyzing Entity <sbox_2> in library <work> (Architecture <behavior>).
Entity <sbox_2> analyzed. Unit <sbox_2> generated.

Analyzing Entity <sbox_3> in library <work> (Architecture <behavior>).
Entity <sbox_3> analyzed. Unit <sbox_3> generated.

Analyzing Entity <sbox_4> in library <work> (Architecture <behavior>).
Entity <sbox_4> analyzed. Unit <sbox_4> generated.

Analyzing Entity <sbox_5> in library <work> (Architecture <behavior>).
Entity <sbox_5> analyzed. Unit <sbox_5> generated.

Analyzing Entity <sbox_6> in library <work> (Architecture <behavior>).
Entity <sbox_6> analyzed. Unit <sbox_6> generated.

Analyzing Entity <sbox_7> in library <work> (Architecture <behavior>).
Entity <sbox_7> analyzed. Unit <sbox_7> generated.

Analyzing Entity <pblockP> in library <work> (Architecture <behavior>).
Entity <pblockP> analyzed. Unit <pblockP> generated.

Analyzing Entity <xorLR> in library <work> (Architecture <behavioral>).
Entity <xorLR> analyzed. Unit <xorLR> generated.


=========================================================================
*                           HDL Synthesis                               *
=========================================================================

Performing bidirectional port resolution...

Synthesizing Unit <expP>.
    Related source file is "C:/Users/Filicz/Documents/workspace/ISE Projects/DES/expP.vhd".
Unit <expP> synthesized.


Synthesizing Unit <xor48>.
    Related source file is "C:/Users/Filicz/Documents/workspace/ISE Projects/DES/xor48.vhd".
    Found 48-bit xor2 for signal <myoutput>.
Unit <xor48> synthesized.


Synthesizing Unit <pblockP>.
    Related source file is "C:/Users/Filicz/Documents/workspace/ISE Projects/DES/pblockP.vhd".
Unit <pblockP> synthesized.


Synthesizing Unit <xorLR>.
    Related source file is "C:/Users/Filicz/Documents/workspace/ISE Projects/DES/xorLR.vhd".
    Found 32-bit xor2 for signal <rightoutput>.
Unit <xorLR> synthesized.


Synthesizing Unit <sbox_0>.
    Related source file is "C:/Users/Filicz/Documents/workspace/ISE Projects/DES/sbox_0.vhd".
    Found 4x64-bit ROM for signal <row$rom0000>.
    Found 4-bit 16-to-1 multiplexer for signal <decimalOutput>.
    Summary:
	inferred   1 ROM(s).
	inferred   4 Multiplexer(s).
Unit <sbox_0> synthesized.


Synthesizing Unit <sbox_1>.
    Related source file is "C:/Users/Filicz/Documents/workspace/ISE Projects/DES/sbox_1.vhd".
    Found 4x64-bit ROM for signal <row$rom0000>.
    Found 4-bit 16-to-1 multiplexer for signal <decimalOutput>.
    Summary:
	inferred   1 ROM(s).
	inferred   4 Multiplexer(s).
Unit <sbox_1> synthesized.


Synthesizing Unit <sbox_2>.
    Related source file is "C:/Users/Filicz/Documents/workspace/ISE Projects/DES/sbox_2.vhd".
    Found 4x64-bit ROM for signal <row$rom0000>.
    Found 4-bit 16-to-1 multiplexer for signal <decimalOutput>.
    Summary:
	inferred   1 ROM(s).
	inferred   4 Multiplexer(s).
Unit <sbox_2> synthesized.


Synthesizing Unit <sbox_3>.
    Related source file is "C:/Users/Filicz/Documents/workspace/ISE Projects/DES/sbox_3.vhd".
    Found 4x64-bit ROM for signal <row$rom0000>.
    Found 4-bit 16-to-1 multiplexer for signal <decimalOutput>.
    Summary:
	inferred   1 ROM(s).
	inferred   4 Multiplexer(s).
Unit <sbox_3> synthesized.


Synthesizing Unit <sbox_4>.
    Related source file is "C:/Users/Filicz/Documents/workspace/ISE Projects/DES/sbox_4.vhd".
    Found 4x64-bit ROM for signal <row$rom0000>.
    Found 4-bit 16-to-1 multiplexer for signal <decimalOutput>.
    Summary:
	inferred   1 ROM(s).
	inferred   4 Multiplexer(s).
Unit <sbox_4> synthesized.


Synthesizing Unit <sbox_5>.
    Related source file is "C:/Users/Filicz/Documents/workspace/ISE Projects/DES/sbox_5.vhd".
    Found 4x64-bit ROM for signal <row$rom0000>.
    Found 4-bit 16-to-1 multiplexer for signal <decimalOutput>.
    Summary:
	inferred   1 ROM(s).
	inferred   4 Multiplexer(s).
Unit <sbox_5> synthesized.


Synthesizing Unit <sbox_6>.
    Related source file is "C:/Users/Filicz/Documents/workspace/ISE Projects/DES/sbox_6.vhd".
    Found 4x64-bit ROM for signal <row$rom0000>.
    Found 4-bit 16-to-1 multiplexer for signal <decimalOutput>.
    Summary:
	inferred   1 ROM(s).
	inferred   4 Multiplexer(s).
Unit <sbox_6> synthesized.


Synthesizing Unit <sbox_7>.
    Related source file is "C:/Users/Filicz/Documents/workspace/ISE Projects/DES/sbox_7.vhd".
    Found 4x64-bit ROM for signal <row$rom0000>.
    Found 4-bit 16-to-1 multiplexer for signal <decimalOutput>.
    Summary:
	inferred   1 ROM(s).
	inferred   4 Multiplexer(s).
Unit <sbox_7> synthesized.


Synthesizing Unit <sboxes>.
    Related source file is "C:/Users/Filicz/Documents/workspace/ISE Projects/DES/sboxes.vhd".
Unit <sboxes> synthesized.


Synthesizing Unit <Feistel>.
    Related source file is "C:/Users/Filicz/Documents/workspace/ISE Projects/DES/Feistel.vhf".
Unit <Feistel> synthesized.


=========================================================================
HDL Synthesis Report

Macro Statistics
# ROMs                                                 : 8
 4x64-bit ROM                                          : 8
# Multiplexers                                         : 8
 4-bit 16-to-1 multiplexer                             : 8
# Xors                                                 : 2
 32-bit xor2                                           : 1
 48-bit xor2                                           : 1

=========================================================================

=========================================================================
*                       Advanced HDL Synthesis                          *
=========================================================================


=========================================================================
Advanced HDL Synthesis Report

Macro Statistics
# ROMs                                                 : 8
 4x64-bit ROM                                          : 8
# Multiplexers                                         : 8
 4-bit 16-to-1 multiplexer                             : 8
# Xors                                                 : 2
 32-bit xor2                                           : 1
 48-bit xor2                                           : 1

=========================================================================

=========================================================================
*                         Low Level Synthesis                           *
=========================================================================

Optimizing unit <Feistel> ...

Optimizing unit <sboxes> ...

Mapping all equations...
Building and optimizing final netlist ...
Found area constraint ratio of 100 (+ 5) on block Feistel, actual ratio is 4.

Final Macro Processing ...

=========================================================================
Final Register Report

Found no macro
=========================================================================

=========================================================================
*                           Partition Report                            *
=========================================================================

Partition Implementation Status
-------------------------------

  No Partitions were found in this design.

-------------------------------

=========================================================================
*                            Final Report                               *
=========================================================================
Final Results
RTL Top Level Output File Name     : Feistel.ngr
Top Level Output File Name         : Feistel
Output Format                      : NGC
Optimization Goal                  : Speed
Keep Hierarchy                     : No

Design Statistics
# IOs                              : 144

Cell Usage :
# BELS                             : 553
#      LUT2                        : 72
#      LUT4                        : 258
#      MUXF5                       : 129
#      MUXF6                       : 63
#      MUXF7                       : 31
# IO Buffers                       : 144
#      IBUF                        : 112
#      OBUF                        : 32
=========================================================================

Device utilization summary:
---------------------------

Selected Device : 3s500evq100-5 

 Number of Slices:                      170  out of   4656     3%  
 Number of 4 input LUTs:                330  out of   9312     3%  
 Number of IOs:                         144
 Number of bonded IOBs:                 144  out of     66   218% (*) 

WARNING:Xst:1336 -  (*) More than 100% of Device resources are used

---------------------------
Partition Resource Summary:
---------------------------

  No Partitions were found in this design.

---------------------------


=========================================================================
TIMING REPORT

NOTE: THESE TIMING NUMBERS ARE ONLY A SYNTHESIS ESTIMATE.
      FOR ACCURATE TIMING INFORMATION PLEASE REFER TO THE TRACE REPORT
      GENERATED AFTER PLACE-and-ROUTE.

Clock Information:
------------------
No clock signals found in this design

Asynchronous Control Signals Information:
----------------------------------------
No asynchronous control signals found in this design

Timing Summary:
---------------
Speed Grade: -5

   Minimum period: No path found
   Minimum input arrival time before clock: No path found
   Maximum output required time after clock: No path found
   Maximum combinational path delay: 10.838ns

Timing Detail:
--------------
All values displayed in nanoseconds (ns)

=========================================================================
Timing constraint: Default path analysis
  Total number of paths / destination ports: 2025 / 32
-------------------------------------------------------------------------
Delay:               10.838ns (Levels of Logic = 8)
  Source:            rightIn<31> (PAD)
  Destination:       rightOut<8> (PAD)

  Data Path: rightIn<31> to rightOut<8>
                                Gate     Net
    Cell:in->out      fanout   Delay   Delay  Logical Name (Net Name)
    ----------------------------------------  ------------
     IBUF:I->O            32   1.106   1.225  rightIn_31_IBUF (rightIn_31_IBUF)
     LUT2:I0->O           30   0.612   1.102  XLXI_3/Mxor_myoutput_Result<47>1 (XLXN_6<0>)
     LUT4:I2->O            1   0.612   0.000  XLXI_4/sb0/Mmux_decimalOutput_10 (XLXI_4/sb0/Mmux_decimalOutput_10)
     MUXF5:I1->O           1   0.278   0.426  XLXI_4/sb0/Mmux_decimalOutput_9_f5 (XLXI_4/sb0/Mmux_decimalOutput_9_f5)
     LUT4:I1->O            2   0.612   0.449  XLXI_4/myinput<1>82_SW0 (N01)
     LUT4:I1->O            1   0.612   0.000  XLXI_7/Mxor_rightoutput_Result<23>12 (XLXI_7/Mxor_rightoutput_Result<23>11)
     MUXF5:I0->O           1   0.278   0.357  XLXI_7/Mxor_rightoutput_Result<23>1_f5 (rightOut_8_OBUF)
     OBUF:I->O                 3.169          rightOut_8_OBUF (rightOut<8>)
    ----------------------------------------
    Total                     10.838ns (7.279ns logic, 3.559ns route)
                                       (67.2% logic, 32.8% route)

=========================================================================


Total REAL time to Xst completion: 10.00 secs
Total CPU time to Xst completion: 9.37 secs
 
--> 

Total memory usage is 4567300 kilobytes

Number of errors   :    0 (   0 filtered)
Number of warnings :    1 (   0 filtered)
Number of infos    :    0 (   0 filtered)

