Running: C:\Xilinx\14.7\ISE_DS\ISE\bin\nt64\unwrapped\fuse.exe -intstyle ise -incremental -o C:/Users/Filicz/Documents/workspace/ISE Projects/DES/DES_Decoder_DES_Decoder_sch_tb_isim_beh.exe -prj C:/Users/Filicz/Documents/workspace/ISE Projects/DES/DES_Decoder_DES_Decoder_sch_tb_beh.prj work.DES_Decoder_DES_Decoder_sch_tb 
ISim P.20131013 (signature 0x7708f090)
Number of CPUs detected in this system: 4
Turning on mult-threading, number of parallel sub-compilation jobs: 8 
Determining compilation order of HDL files
Parsing VHDL file "C:/Users/Filicz/Documents/workspace/ISE Projects/DES/sbox_7.vhd" into library work
Parsing VHDL file "C:/Users/Filicz/Documents/workspace/ISE Projects/DES/sbox_6.vhd" into library work
Parsing VHDL file "C:/Users/Filicz/Documents/workspace/ISE Projects/DES/sbox_5.vhd" into library work
Parsing VHDL file "C:/Users/Filicz/Documents/workspace/ISE Projects/DES/sbox_4.vhd" into library work
Parsing VHDL file "C:/Users/Filicz/Documents/workspace/ISE Projects/DES/sbox_3.vhd" into library work
Parsing VHDL file "C:/Users/Filicz/Documents/workspace/ISE Projects/DES/sbox_2.vhd" into library work
Parsing VHDL file "C:/Users/Filicz/Documents/workspace/ISE Projects/DES/sbox_1.vhd" into library work
Parsing VHDL file "C:/Users/Filicz/Documents/workspace/ISE Projects/DES/sbox_0.vhd" into library work
Parsing VHDL file "C:/Users/Filicz/Documents/workspace/ISE Projects/DES/xorLR.vhd" into library work
Parsing VHDL file "C:/Users/Filicz/Documents/workspace/ISE Projects/DES/xor48.vhd" into library work
Parsing VHDL file "C:/Users/Filicz/Documents/workspace/ISE Projects/DES/sboxes.vhd" into library work
Parsing VHDL file "C:/Users/Filicz/Documents/workspace/ISE Projects/DES/pblockP.vhd" into library work
Parsing VHDL file "C:/Users/Filicz/Documents/workspace/ISE Projects/DES/expP.vhd" into library work
Parsing VHDL file "C:/Users/Filicz/Documents/workspace/ISE Projects/DES/syncReg.vhd" into library work
Parsing VHDL file "C:/Users/Filicz/Documents/workspace/ISE Projects/DES/rotR2.vhd" into library work
Parsing VHDL file "C:/Users/Filicz/Documents/workspace/ISE Projects/DES/rotR1.vhd" into library work
Parsing VHDL file "C:/Users/Filicz/Documents/workspace/ISE Projects/DES/revIP.vhd" into library work
Parsing VHDL file "C:/Users/Filicz/Documents/workspace/ISE Projects/DES/PC2.vhd" into library work
Parsing VHDL file "C:/Users/Filicz/Documents/workspace/ISE Projects/DES/PC1.vhd" into library work
Parsing VHDL file "C:/Users/Filicz/Documents/workspace/ISE Projects/DES/IP.vhd" into library work
Parsing VHDL file "C:/Users/Filicz/Documents/workspace/ISE Projects/DES/Feistel.vhf" into library work
Parsing VHDL file "C:/Users/Filicz/Documents/workspace/ISE Projects/DES/DES_Decoder.vhf" into library work
Parsing VHDL file "C:/Users/Filicz/Documents/workspace/ISE Projects/DES/test_DES_Decoder.vhd" into library work
Starting static elaboration
Completed static elaboration
Compiling package standard
Compiling package std_logic_1164
Compiling package numeric_std
Compiling package vcomponents
Compiling architecture behavior of entity IP [ip_default]
Compiling architecture behavior of entity expP [expp_default]
Compiling architecture behavioral of entity xor48 [xor48_default]
Compiling architecture behavior of entity sbox_0 [sbox_0_default]
Compiling architecture behavior of entity sbox_1 [sbox_1_default]
Compiling architecture behavior of entity sbox_2 [sbox_2_default]
Compiling architecture behavior of entity sbox_3 [sbox_3_default]
Compiling architecture behavior of entity sbox_4 [sbox_4_default]
Compiling architecture behavior of entity sbox_5 [sbox_5_default]
Compiling architecture behavior of entity sbox_6 [sbox_6_default]
Compiling architecture behavior of entity sbox_7 [sbox_7_default]
Compiling architecture behavior of entity sboxes [sboxes_default]
Compiling architecture behavior of entity pblockP [pblockp_default]
Compiling architecture behavioral of entity xorLR [xorlr_default]
Compiling architecture behavioral of entity Feistel_MUSER_DES_Decoder [feistel_muser_des_decoder_defaul...]
Compiling architecture behavior of entity PC1 [pc1_default]
Compiling architecture behavior of entity PC2 [pc2_default]
Compiling architecture behavioral of entity syncReg [syncreg_default]
Compiling architecture behavioral of entity rotR1 [rotr1_default]
Compiling architecture behavioral of entity rotR2 [rotr2_default]
Compiling architecture behavior of entity revIP [revip_default]
Compiling architecture behavioral of entity DES_Decoder [des_decoder_default]
Compiling architecture behavioral of entity des_decoder_des_decoder_sch_tb
Time Resolution for simulation is 1ps.
Waiting for 19 sub-compilation(s) to finish...
WARNING:Simulator - Unable to copy libPortabilityNOSH.dll to the simulation executable directory: boost::filesystem::copy_file: The system cannot find the path specified, "isim\DES_Decoder_DES_Decoder_sch_tb_isim_beh.exe.sim\libPortability.dll".
Compiled 49 VHDL Units
Built simulation executable C:/Users/Filicz/Documents/workspace/ISE Projects/DES/DES_Decoder_DES_Decoder_sch_tb_isim_beh.exe
Fuse Memory Usage: 53064 KB
Fuse CPU Usage: 889 ms
