ISim log file
Running: C:\Users\Filicz\Documents\workspace\ISE Projects\DES\DES_Decoder_DES_Decoder_sch_tb_isim_beh.exe -intstyle ise -gui -tclbatch isim.cmd -wdb C:/Users/Filicz/Documents/workspace/ISE Projects/DES/DES_Decoder_DES_Decoder_sch_tb_isim_beh.wdb 
ISim P.20131013 (signature 0x7708f090)
WARNING: A WEBPACK license was found.
WARNING: Please use Xilinx License Configuration Manager to check out a full ISim license.
WARNING: ISim will run in Lite mode. Please refer to the ISim documentation for more information on the differences between the Lite and the Full version.
This is a Lite version of ISim.
Time resolution is 1 ps
# onerror resume
# wave add /
# run 1000 ns
Simulator is doing circuit initialization process.
at 0 ps, Instance /des_decoder_des_decoder_sch_tb/UUT/XLXI_2/XLXI_4/sb0/ : Warning: NUMERIC_STD.TO_INTEGER: metavalue detected, returning 0
at 0 ps, Instance /des_decoder_des_decoder_sch_tb/UUT/XLXI_2/XLXI_4/sb0/ : Warning: NUMERIC_STD.TO_INTEGER: metavalue detected, returning 0
at 0 ps, Instance /des_decoder_des_decoder_sch_tb/UUT/XLXI_2/XLXI_4/sb1/ : Warning: NUMERIC_STD.TO_INTEGER: metavalue detected, returning 0
at 0 ps, Instance /des_decoder_des_decoder_sch_tb/UUT/XLXI_2/XLXI_4/sb1/ : Warning: NUMERIC_STD.TO_INTEGER: metavalue detected, returning 0
at 0 ps, Instance /des_decoder_des_decoder_sch_tb/UUT/XLXI_2/XLXI_4/sb2/ : Warning: NUMERIC_STD.TO_INTEGER: metavalue detected, returning 0
at 0 ps, Instance /des_decoder_des_decoder_sch_tb/UUT/XLXI_2/XLXI_4/sb2/ : Warning: NUMERIC_STD.TO_INTEGER: metavalue detected, returning 0
at 0 ps, Instance /des_decoder_des_decoder_sch_tb/UUT/XLXI_2/XLXI_4/sb3/ : Warning: NUMERIC_STD.TO_INTEGER: metavalue detected, returning 0
at 0 ps, Instance /des_decoder_des_decoder_sch_tb/UUT/XLXI_2/XLXI_4/sb3/ : Warning: NUMERIC_STD.TO_INTEGER: metavalue detected, returning 0
at 0 ps, Instance /des_decoder_des_decoder_sch_tb/UUT/XLXI_2/XLXI_4/sb4/ : Warning: NUMERIC_STD.TO_INTEGER: metavalue detected, returning 0
at 0 ps, Instance /des_decoder_des_decoder_sch_tb/UUT/XLXI_2/XLXI_4/sb4/ : Warning: NUMERIC_STD.TO_INTEGER: metavalue detected, returning 0
at 0 ps, Instance /des_decoder_des_decoder_sch_tb/UUT/XLXI_2/XLXI_4/sb5/ : Warning: NUMERIC_STD.TO_INTEGER: metavalue detected, returning 0
at 0 ps, Instance /des_decoder_des_decoder_sch_tb/UUT/XLXI_2/XLXI_4/sb5/ : Warning: NUMERIC_STD.TO_INTEGER: metavalue detected, returning 0
at 0 ps, Instance /des_decoder_des_decoder_sch_tb/UUT/XLXI_2/XLXI_4/sb6/ : Warning: NUMERIC_STD.TO_INTEGER: metavalue detected, returning 0
at 0 ps, Instance /des_decoder_des_decoder_sch_tb/UUT/XLXI_2/XLXI_4/sb6/ : Warning: NUMERIC_STD.TO_INTEGER: metavalue detected, returning 0
at 0 ps, Instance /des_decoder_des_decoder_sch_tb/UUT/XLXI_2/XLXI_4/sb7/ : Warning: NUMERIC_STD.TO_INTEGER: metavalue detected, returning 0
at 0 ps, Instance /des_decoder_des_decoder_sch_tb/UUT/XLXI_2/XLXI_4/sb7/ : Warning: NUMERIC_STD.TO_INTEGER: metavalue detected, returning 0
at 0 ps, Instance /des_decoder_des_decoder_sch_tb/UUT/XLXI_13/XLXI_4/sb0/ : Warning: NUMERIC_STD.TO_INTEGER: metavalue detected, returning 0
at 0 ps, Instance /des_decoder_des_decoder_sch_tb/UUT/XLXI_13/XLXI_4/sb0/ : Warning: NUMERIC_STD.TO_INTEGER: metavalue detected, returning 0
at 0 ps, Instance /des_decoder_des_decoder_sch_tb/UUT/XLXI_13/XLXI_4/sb1/ : Warning: NUMERIC_STD.TO_INTEGER: metavalue detected, returning 0
at 0 ps, Instance /des_decoder_des_decoder_sch_tb/UUT/XLXI_13/XLXI_4/sb1/ : Warning: NUMERIC_STD.TO_INTEGER: metavalue detected, returning 0
at 0 ps, Instance /des_decoder_des_decoder_sch_tb/UUT/XLXI_13/XLXI_4/sb2/ : Warning: NUMERIC_STD.TO_INTEGER: metavalue detected, returning 0
at 0 ps, Instance /des_decoder_des_decoder_sch_tb/UUT/XLXI_13/XLXI_4/sb2/ : Warning: NUMERIC_STD.TO_INTEGER: metavalue detected, returning 0
at 0 ps, Instance /des_decoder_des_decoder_sch_tb/UUT/XLXI_13/XLXI_4/sb3/ : Warning: NUMERIC_STD.TO_INTEGER: metavalue detected, returning 0
at 0 ps, Instance /des_decoder_des_decoder_sch_tb/UUT/XLXI_13/XLXI_4/sb3/ : Warning: NUMERIC_STD.TO_INTEGER: metavalue detected, returning 0
at 0 ps, Instance /des_decoder_des_decoder_sch_tb/UUT/XLXI_13/XLXI_4/sb4/ : Warning: NUMERIC_STD.TO_INTEGER: metavalue detected, returning 0
at 0 ps, Instance /des_decoder_des_decoder_sch_tb/UUT/XLXI_13/XLXI_4/sb4/ : Warning: NUMERIC_STD.TO_INTEGER: metavalue detected, returning 0
at 0 ps, Instance /des_decoder_des_decoder_sch_tb/UUT/XLXI_13/XLXI_4/sb5/ : Warning: NUMERIC_STD.TO_INTEGER: metavalue detected, returning 0
at 0 ps, Instance /des_decoder_des_decoder_sch_tb/UUT/XLXI_13/XLXI_4/sb5/ : Warning: NUMERIC_STD.TO_INTEGER: metavalue detected, returning 0
at 0 ps, Instance /des_decoder_des_decoder_sch_tb/UUT/XLXI_13/XLXI_4/sb6/ : Warning: NUMERIC_STD.TO_INTEGER: metavalue detected, returning 0
at 0 ps, Instance /des_decoder_des_decoder_sch_tb/UUT/XLXI_13/XLXI_4/sb6/ : Warning: NUMERIC_STD.TO_INTEGER: metavalue detected, returning 0
at 0 ps, Instance /des_decoder_des_decoder_sch_tb/UUT/XLXI_13/XLXI_4/sb7/ : Warning: NUMERIC_STD.TO_INTEGER: metavalue detected, returning 0
at 0 ps, Instance /des_decoder_des_decoder_sch_tb/UUT/XLXI_13/XLXI_4/sb7/ : Warning: NUMERIC_STD.TO_INTEGER: metavalue detected, returning 0
at 0 ps, Instance /des_decoder_des_decoder_sch_tb/UUT/XLXI_23/XLXI_4/sb0/ : Warning: NUMERIC_STD.TO_INTEGER: metavalue detected, returning 0
at 0 ps, Instance /des_decoder_des_decoder_sch_tb/UUT/XLXI_23/XLXI_4/sb0/ : Warning: NUMERIC_STD.TO_INTEGER: metavalue detected, returning 0
at 0 ps, Instance /des_decoder_des_decoder_sch_tb/UUT/XLXI_23/XLXI_4/sb1/ : Warning: NUMERIC_STD.TO_INTEGER: metavalue detected, returning 0
at 0 ps, Instance /des_decoder_des_decoder_sch_tb/UUT/XLXI_23/XLXI_4/sb1/ : Warning: NUMERIC_STD.TO_INTEGER: metavalue detected, returning 0
at 0 ps, Instance /des_decoder_des_decoder_sch_tb/UUT/XLXI_23/XLXI_4/sb2/ : Warning: NUMERIC_STD.TO_INTEGER: metavalue detected, returning 0
at 0 ps, Instance /des_decoder_des_decoder_sch_tb/UUT/XLXI_23/XLXI_4/sb2/ : Warning: NUMERIC_STD.TO_INTEGER: metavalue detected, returning 0
at 0 ps, Instance /des_decoder_des_decoder_sch_tb/UUT/XLXI_23/XLXI_4/sb3/ : Warning: NUMERIC_STD.TO_INTEGER: metavalue detected, returning 0
at 0 ps, Instance /des_decoder_des_decoder_sch_tb/UUT/XLXI_23/XLXI_4/sb3/ : Warning: NUMERIC_STD.TO_INTEGER: metavalue detected, returning 0
at 0 ps, Instance /des_decoder_des_decoder_sch_tb/UUT/XLXI_23/XLXI_4/sb4/ : Warning: NUMERIC_STD.TO_INTEGER: metavalue detected, returning 0
at 0 ps, Instance /des_decoder_des_decoder_sch_tb/UUT/XLXI_23/XLXI_4/sb4/ : Warning: NUMERIC_STD.TO_INTEGER: metavalue detected, returning 0
at 0 ps, Instance /des_decoder_des_decoder_sch_tb/UUT/XLXI_23/XLXI_4/sb5/ : Warning: NUMERIC_STD.TO_INTEGER: metavalue detected, returning 0
at 0 ps, Instance /des_decoder_des_decoder_sch_tb/UUT/XLXI_23/XLXI_4/sb5/ : Warning: NUMERIC_STD.TO_INTEGER: metavalue detected, returning 0
at 0 ps, Instance /des_decoder_des_decoder_sch_tb/UUT/XLXI_23/XLXI_4/sb6/ : Warning: NUMERIC_STD.TO_INTEGER: metavalue detected, returning 0
at 0 ps, Instance /des_decoder_des_decoder_sch_tb/UUT/XLXI_23/XLXI_4/sb6/ : Warning: NUMERIC_STD.TO_INTEGER: metavalue detected, returning 0
at 0 ps, Instance /des_decoder_des_decoder_sch_tb/UUT/XLXI_23/XLXI_4/sb7/ : Warning: NUMERIC_STD.TO_INTEGER: metavalue detected, returning 0
at 0 ps, Instance /des_decoder_des_decoder_sch_tb/UUT/XLXI_23/XLXI_4/sb7/ : Warning: NUMERIC_STD.TO_INTEGER: metavalue detected, returning 0
at 0 ps, Instance /des_decoder_des_decoder_sch_tb/UUT/XLXI_45/XLXI_4/sb0/ : Warning: NUMERIC_STD.TO_INTEGER: metavalue detected, returning 0
at 0 ps, Instance /des_decoder_des_decoder_sch_tb/UUT/XLXI_45/XLXI_4/sb0/ : Warning: NUMERIC_STD.TO_INTEGER: metavalue detected, returning 0
at 0 ps, Instance /des_decoder_des_decoder_sch_tb/UUT/XLXI_45/XLXI_4/sb1/ : Warning: NUMERIC_STD.TO_INTEGER: metavalue detected, returning 0
at 0 ps, Instance /des_decoder_des_decoder_sch_tb/UUT/XLXI_45/XLXI_4/sb1/ : Warning: NUMERIC_STD.TO_INTEGER: metavalue detected, returning 0
at 0 ps, Instance /des_decoder_des_decoder_sch_tb/UUT/XLXI_45/XLXI_4/sb2/ : Warning: NUMERIC_STD.TO_INTEGER: metavalue detected, returning 0
at 0 ps, Instance /des_decoder_des_decoder_sch_tb/UUT/XLXI_45/XLXI_4/sb2/ : Warning: NUMERIC_STD.TO_INTEGER: metavalue detected, returning 0
at 0 ps, Instance /des_decoder_des_decoder_sch_tb/UUT/XLXI_45/XLXI_4/sb3/ : Warning: NUMERIC_STD.TO_INTEGER: metavalue detected, returning 0
at 0 ps, Instance /des_decoder_des_decoder_sch_tb/UUT/XLXI_45/XLXI_4/sb3/ : Warning: NUMERIC_STD.TO_INTEGER: metavalue detected, returning 0
at 0 ps, Instance /des_decoder_des_decoder_sch_tb/UUT/XLXI_45/XLXI_4/sb4/ : Warning: NUMERIC_STD.TO_INTEGER: metavalue detected, returning 0
at 0 ps, Instance /des_decoder_des_decoder_sch_tb/UUT/XLXI_45/XLXI_4/sb4/ : Warning: NUMERIC_STD.TO_INTEGER: metavalue detected, returning 0
at 0 ps, Instance /des_decoder_des_decoder_sch_tb/UUT/XLXI_45/XLXI_4/sb5/ : Warning: NUMERIC_STD.TO_INTEGER: metavalue detected, returning 0
at 0 ps, Instance /des_decoder_des_decoder_sch_tb/UUT/XLXI_45/XLXI_4/sb5/ : Warning: NUMERIC_STD.TO_INTEGER: metavalue detected, returning 0
at 0 ps, Instance /des_decoder_des_decoder_sch_tb/UUT/XLXI_45/XLXI_4/sb6/ : Warning: NUMERIC_STD.TO_INTEGER: metavalue detected, returning 0
at 0 ps, Instance /des_decoder_des_decoder_sch_tb/UUT/XLXI_45/XLXI_4/sb6/ : Warning: NUMERIC_STD.TO_INTEGER: metavalue detected, returning 0
at 0 ps, Instance /des_decoder_des_decoder_sch_tb/UUT/XLXI_45/XLXI_4/sb7/ : Warning: NUMERIC_STD.TO_INTEGER: metavalue detected, returning 0
at 0 ps, Instance /des_decoder_des_decoder_sch_tb/UUT/XLXI_45/XLXI_4/sb7/ : Warning: NUMERIC_STD.TO_INTEGER: metavalue detected, returning 0
at 0 ps, Instance /des_decoder_des_decoder_sch_tb/UUT/XLXI_50/XLXI_4/sb0/ : Warning: NUMERIC_STD.TO_INTEGER: metavalue detected, returning 0
at 0 ps, Instance /des_decoder_des_decoder_sch_tb/UUT/XLXI_50/XLXI_4/sb0/ : Warning: NUMERIC_STD.TO_INTEGER: metavalue detected, returning 0
at 0 ps, Instance /des_decoder_des_decoder_sch_tb/UUT/XLXI_50/XLXI_4/sb1/ : Warning: NUMERIC_STD.TO_INTEGER: metavalue detected, returning 0
at 0 ps, Instance /des_decoder_des_decoder_sch_tb/UUT/XLXI_50/XLXI_4/sb1/ : Warning: NUMERIC_STD.TO_INTEGER: metavalue detected, returning 0
at 0 ps, Instance /des_decoder_des_decoder_sch_tb/UUT/XLXI_50/XLXI_4/sb2/ : Warning: NUMERIC_STD.TO_INTEGER: metavalue detected, returning 0
at 0 ps, Instance /des_decoder_des_decoder_sch_tb/UUT/XLXI_50/XLXI_4/sb2/ : Warning: NUMERIC_STD.TO_INTEGER: metavalue detected, returning 0
at 0 ps, Instance /des_decoder_des_decoder_sch_tb/UUT/XLXI_50/XLXI_4/sb3/ : Warning: NUMERIC_STD.TO_INTEGER: metavalue detected, returning 0
at 0 ps, Instance /des_decoder_des_decoder_sch_tb/UUT/XLXI_50/XLXI_4/sb3/ : Warning: NUMERIC_STD.TO_INTEGER: metavalue detected, returning 0
at 0 ps, Instance /des_decoder_des_decoder_sch_tb/UUT/XLXI_50/XLXI_4/sb4/ : Warning: NUMERIC_STD.TO_INTEGER: metavalue detected, returning 0
at 0 ps, Instance /des_decoder_des_decoder_sch_tb/UUT/XLXI_50/XLXI_4/sb4/ : Warning: NUMERIC_STD.TO_INTEGER: metavalue detected, returning 0
at 0 ps, Instance /des_decoder_des_decoder_sch_tb/UUT/XLXI_50/XLXI_4/sb5/ : Warning: NUMERIC_STD.TO_INTEGER: metavalue detected, returning 0
at 0 ps, Instance /des_decoder_des_decoder_sch_tb/UUT/XLXI_50/XLXI_4/sb5/ : Warning: NUMERIC_STD.TO_INTEGER: metavalue detected, returning 0
at 0 ps, Instance /des_decoder_des_decoder_sch_tb/UUT/XLXI_50/XLXI_4/sb6/ : Warning: NUMERIC_STD.TO_INTEGER: metavalue detected, returning 0
at 0 ps, Instance /des_decoder_des_decoder_sch_tb/UUT/XLXI_50/XLXI_4/sb6/ : Warning: NUMERIC_STD.TO_INTEGER: metavalue detected, returning 0
at 0 ps, Instance /des_decoder_des_decoder_sch_tb/UUT/XLXI_50/XLXI_4/sb7/ : Warning: NUMERIC_STD.TO_INTEGER: metavalue detected, returning 0
at 0 ps, Instance /des_decoder_des_decoder_sch_tb/UUT/XLXI_50/XLXI_4/sb7/ : Warning: NUMERIC_STD.TO_INTEGER: metavalue detected, returning 0
at 0 ps, Instance /des_decoder_des_decoder_sch_tb/UUT/XLXI_55/XLXI_4/sb0/ : Warning: NUMERIC_STD.TO_INTEGER: metavalue detected, returning 0
at 0 ps, Instance /des_decoder_des_decoder_sch_tb/UUT/XLXI_55/XLXI_4/sb0/ : Warning: NUMERIC_STD.TO_INTEGER: metavalue detected, returning 0
at 0 ps, Instance /des_decoder_des_decoder_sch_tb/UUT/XLXI_55/XLXI_4/sb1/ : Warning: NUMERIC_STD.TO_INTEGER: metavalue detected, returning 0
at 0 ps, Instance /des_decoder_des_decoder_sch_tb/UUT/XLXI_55/XLXI_4/sb1/ : Warning: NUMERIC_STD.TO_INTEGER: metavalue detected, returning 0
at 0 ps, Instance /des_decoder_des_decoder_sch_tb/UUT/XLXI_55/XLXI_4/sb2/ : Warning: NUMERIC_STD.TO_INTEGER: metavalue detected, returning 0
at 0 ps, Instance /des_decoder_des_decoder_sch_tb/UUT/XLXI_55/XLXI_4/sb2/ : Warning: NUMERIC_STD.TO_INTEGER: metavalue detected, returning 0
at 0 ps, Instance /des_decoder_des_decoder_sch_tb/UUT/XLXI_55/XLXI_4/sb3/ : Warning: NUMERIC_STD.TO_INTEGER: metavalue detected, returning 0
at 0 ps, Instance /des_decoder_des_decoder_sch_tb/UUT/XLXI_55/XLXI_4/sb3/ : Warning: NUMERIC_STD.TO_INTEGER: metavalue detected, returning 0
at 0 ps, Instance /des_decoder_des_decoder_sch_tb/UUT/XLXI_55/XLXI_4/sb4/ : Warning: NUMERIC_STD.TO_INTEGER: metavalue detected, returning 0
at 0 ps, Instance /des_decoder_des_decoder_sch_tb/UUT/XLXI_55/XLXI_4/sb4/ : Warning: NUMERIC_STD.TO_INTEGER: metavalue detected, returning 0
at 0 ps, Instance /des_decoder_des_decoder_sch_tb/UUT/XLXI_55/XLXI_4/sb5/ : Warning: NUMERIC_STD.TO_INTEGER: metavalue detected, returning 0
at 0 ps, Instance /des_decoder_des_decoder_sch_tb/UUT/XLXI_55/XLXI_4/sb5/ : Warning: NUMERIC_STD.TO_INTEGER: metavalue detected, returning 0
at 0 ps, Instance /des_decoder_des_decoder_sch_tb/UUT/XLXI_55/XLXI_4/sb6/ : Warning: NUMERIC_STD.TO_INTEGER: metavalue detected, returning 0
at 0 ps, Instance /des_decoder_des_decoder_sch_tb/UUT/XLXI_55/XLXI_4/sb6/ : Warning: NUMERIC_STD.TO_INTEGER: metavalue detected, returning 0
at 0 ps, Instance /des_decoder_des_decoder_sch_tb/UUT/XLXI_55/XLXI_4/sb7/ : Warning: NUMERIC_STD.TO_INTEGER: metavalue detected, returning 0
at 0 ps, Instance /des_decoder_des_decoder_sch_tb/UUT/XLXI_55/XLXI_4/sb7/ : Warning: NUMERIC_STD.TO_INTEGER: metavalue detected, returning 0
at 0 ps, Instance /des_decoder_des_decoder_sch_tb/UUT/XLXI_60/XLXI_4/sb0/ : Warning: NUMERIC_STD.TO_INTEGER: metavalue detected, returning 0
at 0 ps, Instance /des_decoder_des_decoder_sch_tb/UUT/XLXI_60/XLXI_4/sb0/ : Warning: NUMERIC_STD.TO_INTEGER: metavalue detected, returning 0
at 0 ps, Instance /des_decoder_des_decoder_sch_tb/UUT/XLXI_60/XLXI_4/sb1/ : Warning: NUMERIC_STD.TO_INTEGER: metavalue detected, returning 0
at 0 ps, Instance /des_decoder_des_decoder_sch_tb/UUT/XLXI_60/XLXI_4/sb1/ : Warning: NUMERIC_STD.TO_INTEGER: metavalue detected, returning 0
at 0 ps, Instance /des_decoder_des_decoder_sch_tb/UUT/XLXI_60/XLXI_4/sb2/ : Warning: NUMERIC_STD.TO_INTEGER: metavalue detected, returning 0
at 0 ps, Instance /des_decoder_des_decoder_sch_tb/UUT/XLXI_60/XLXI_4/sb2/ : Warning: NUMERIC_STD.TO_INTEGER: metavalue detected, returning 0
at 0 ps, Instance /des_decoder_des_decoder_sch_tb/UUT/XLXI_60/XLXI_4/sb3/ : Warning: NUMERIC_STD.TO_INTEGER: metavalue detected, returning 0
at 0 ps, Instance /des_decoder_des_decoder_sch_tb/UUT/XLXI_60/XLXI_4/sb3/ : Warning: NUMERIC_STD.TO_INTEGER: metavalue detected, returning 0
at 0 ps, Instance /des_decoder_des_decoder_sch_tb/UUT/XLXI_60/XLXI_4/sb4/ : Warning: NUMERIC_STD.TO_INTEGER: metavalue detected, returning 0
at 0 ps, Instance /des_decoder_des_decoder_sch_tb/UUT/XLXI_60/XLXI_4/sb4/ : Warning: NUMERIC_STD.TO_INTEGER: metavalue detected, returning 0
at 0 ps, Instance /des_decoder_des_decoder_sch_tb/UUT/XLXI_60/XLXI_4/sb5/ : Warning: NUMERIC_STD.TO_INTEGER: metavalue detected, returning 0
at 0 ps, Instance /des_decoder_des_decoder_sch_tb/UUT/XLXI_60/XLXI_4/sb5/ : Warning: NUMERIC_STD.TO_INTEGER: metavalue detected, returning 0
at 0 ps, Instance /des_decoder_des_decoder_sch_tb/UUT/XLXI_60/XLXI_4/sb6/ : Warning: NUMERIC_STD.TO_INTEGER: metavalue detected, returning 0
at 0 ps, Instance /des_decoder_des_decoder_sch_tb/UUT/XLXI_60/XLXI_4/sb6/ : Warning: NUMERIC_STD.TO_INTEGER: metavalue detected, returning 0
at 0 ps, Instance /des_decoder_des_decoder_sch_tb/UUT/XLXI_60/XLXI_4/sb7/ : Warning: NUMERIC_STD.TO_INTEGER: metavalue detected, returning 0
at 0 ps, Instance /des_decoder_des_decoder_sch_tb/UUT/XLXI_60/XLXI_4/sb7/ : Warning: NUMERIC_STD.TO_INTEGER: metavalue detected, returning 0
at 0 ps, Instance /des_decoder_des_decoder_sch_tb/UUT/XLXI_65/XLXI_4/sb0/ : Warning: NUMERIC_STD.TO_INTEGER: metavalue detected, returning 0
at 0 ps, Instance /des_decoder_des_decoder_sch_tb/UUT/XLXI_65/XLXI_4/sb0/ : Warning: NUMERIC_STD.TO_INTEGER: metavalue detected, returning 0
at 0 ps, Instance /des_decoder_des_decoder_sch_tb/UUT/XLXI_65/XLXI_4/sb1/ : Warning: NUMERIC_STD.TO_INTEGER: metavalue detected, returning 0
at 0 ps, Instance /des_decoder_des_decoder_sch_tb/UUT/XLXI_65/XLXI_4/sb1/ : Warning: NUMERIC_STD.TO_INTEGER: metavalue detected, returning 0
at 0 ps, Instance /des_decoder_des_decoder_sch_tb/UUT/XLXI_65/XLXI_4/sb2/ : Warning: NUMERIC_STD.TO_INTEGER: metavalue detected, returning 0
at 0 ps, Instance /des_decoder_des_decoder_sch_tb/UUT/XLXI_65/XLXI_4/sb2/ : Warning: NUMERIC_STD.TO_INTEGER: metavalue detected, returning 0
at 0 ps, Instance /des_decoder_des_decoder_sch_tb/UUT/XLXI_65/XLXI_4/sb3/ : Warning: NUMERIC_STD.TO_INTEGER: metavalue detected, returning 0
at 0 ps, Instance /des_decoder_des_decoder_sch_tb/UUT/XLXI_65/XLXI_4/sb3/ : Warning: NUMERIC_STD.TO_INTEGER: metavalue detected, returning 0
at 0 ps, Instance /des_decoder_des_decoder_sch_tb/UUT/XLXI_65/XLXI_4/sb4/ : Warning: NUMERIC_STD.TO_INTEGER: metavalue detected, returning 0
at 0 ps, Instance /des_decoder_des_decoder_sch_tb/UUT/XLXI_65/XLXI_4/sb4/ : Warning: NUMERIC_STD.TO_INTEGER: metavalue detected, returning 0
at 0 ps, Instance /des_decoder_des_decoder_sch_tb/UUT/XLXI_65/XLXI_4/sb5/ : Warning: NUMERIC_STD.TO_INTEGER: metavalue detected, returning 0
at 0 ps, Instance /des_decoder_des_decoder_sch_tb/UUT/XLXI_65/XLXI_4/sb5/ : Warning: NUMERIC_STD.TO_INTEGER: metavalue detected, returning 0
at 0 ps, Instance /des_decoder_des_decoder_sch_tb/UUT/XLXI_65/XLXI_4/sb6/ : Warning: NUMERIC_STD.TO_INTEGER: metavalue detected, returning 0
at 0 ps, Instance /des_decoder_des_decoder_sch_tb/UUT/XLXI_65/XLXI_4/sb6/ : Warning: NUMERIC_STD.TO_INTEGER: metavalue detected, returning 0
at 0 ps, Instance /des_decoder_des_decoder_sch_tb/UUT/XLXI_65/XLXI_4/sb7/ : Warning: NUMERIC_STD.TO_INTEGER: metavalue detected, returning 0
at 0 ps, Instance /des_decoder_des_decoder_sch_tb/UUT/XLXI_65/XLXI_4/sb7/ : Warning: NUMERIC_STD.TO_INTEGER: metavalue detected, returning 0
at 0 ps, Instance /des_decoder_des_decoder_sch_tb/UUT/XLXI_70/XLXI_4/sb0/ : Warning: NUMERIC_STD.TO_INTEGER: metavalue detected, returning 0
at 0 ps, Instance /des_decoder_des_decoder_sch_tb/UUT/XLXI_70/XLXI_4/sb0/ : Warning: NUMERIC_STD.TO_INTEGER: metavalue detected, returning 0
at 0 ps, Instance /des_decoder_des_decoder_sch_tb/UUT/XLXI_70/XLXI_4/sb1/ : Warning: NUMERIC_STD.TO_INTEGER: metavalue detected, returning 0
at 0 ps, Instance /des_decoder_des_decoder_sch_tb/UUT/XLXI_70/XLXI_4/sb1/ : Warning: NUMERIC_STD.TO_INTEGER: metavalue detected, returning 0
at 0 ps, Instance /des_decoder_des_decoder_sch_tb/UUT/XLXI_70/XLXI_4/sb2/ : Warning: NUMERIC_STD.TO_INTEGER: metavalue detected, returning 0
at 0 ps, Instance /des_decoder_des_decoder_sch_tb/UUT/XLXI_70/XLXI_4/sb2/ : Warning: NUMERIC_STD.TO_INTEGER: metavalue detected, returning 0
at 0 ps, Instance /des_decoder_des_decoder_sch_tb/UUT/XLXI_70/XLXI_4/sb3/ : Warning: NUMERIC_STD.TO_INTEGER: metavalue detected, returning 0
at 0 ps, Instance /des_decoder_des_decoder_sch_tb/UUT/XLXI_70/XLXI_4/sb3/ : Warning: NUMERIC_STD.TO_INTEGER: metavalue detected, returning 0
at 0 ps, Instance /des_decoder_des_decoder_sch_tb/UUT/XLXI_70/XLXI_4/sb4/ : Warning: NUMERIC_STD.TO_INTEGER: metavalue detected, returning 0
at 0 ps, Instance /des_decoder_des_decoder_sch_tb/UUT/XLXI_70/XLXI_4/sb4/ : Warning: NUMERIC_STD.TO_INTEGER: metavalue detected, returning 0
at 0 ps, Instance /des_decoder_des_decoder_sch_tb/UUT/XLXI_70/XLXI_4/sb5/ : Warning: NUMERIC_STD.TO_INTEGER: metavalue detected, returning 0
at 0 ps, Instance /des_decoder_des_decoder_sch_tb/UUT/XLXI_70/XLXI_4/sb5/ : Warning: NUMERIC_STD.TO_INTEGER: metavalue detected, returning 0
at 0 ps, Instance /des_decoder_des_decoder_sch_tb/UUT/XLXI_70/XLXI_4/sb6/ : Warning: NUMERIC_STD.TO_INTEGER: metavalue detected, returning 0
at 0 ps, Instance /des_decoder_des_decoder_sch_tb/UUT/XLXI_70/XLXI_4/sb6/ : Warning: NUMERIC_STD.TO_INTEGER: metavalue detected, returning 0
at 0 ps, Instance /des_decoder_des_decoder_sch_tb/UUT/XLXI_70/XLXI_4/sb7/ : Warning: NUMERIC_STD.TO_INTEGER: metavalue detected, returning 0
at 0 ps, Instance /des_decoder_des_decoder_sch_tb/UUT/XLXI_70/XLXI_4/sb7/ : Warning: NUMERIC_STD.TO_INTEGER: metavalue detected, returning 0
at 0 ps, Instance /des_decoder_des_decoder_sch_tb/UUT/XLXI_77/XLXI_4/sb0/ : Warning: NUMERIC_STD.TO_INTEGER: metavalue detected, returning 0
at 0 ps, Instance /des_decoder_des_decoder_sch_tb/UUT/XLXI_77/XLXI_4/sb0/ : Warning: NUMERIC_STD.TO_INTEGER: metavalue detected, returning 0
at 0 ps, Instance /des_decoder_des_decoder_sch_tb/UUT/XLXI_77/XLXI_4/sb1/ : Warning: NUMERIC_STD.TO_INTEGER: metavalue detected, returning 0
at 0 ps, Instance /des_decoder_des_decoder_sch_tb/UUT/XLXI_77/XLXI_4/sb1/ : Warning: NUMERIC_STD.TO_INTEGER: metavalue detected, returning 0
at 0 ps, Instance /des_decoder_des_decoder_sch_tb/UUT/XLXI_77/XLXI_4/sb2/ : Warning: NUMERIC_STD.TO_INTEGER: metavalue detected, returning 0
at 0 ps, Instance /des_decoder_des_decoder_sch_tb/UUT/XLXI_77/XLXI_4/sb2/ : Warning: NUMERIC_STD.TO_INTEGER: metavalue detected, returning 0
at 0 ps, Instance /des_decoder_des_decoder_sch_tb/UUT/XLXI_77/XLXI_4/sb3/ : Warning: NUMERIC_STD.TO_INTEGER: metavalue detected, returning 0
at 0 ps, Instance /des_decoder_des_decoder_sch_tb/UUT/XLXI_77/XLXI_4/sb3/ : Warning: NUMERIC_STD.TO_INTEGER: metavalue detected, returning 0
at 0 ps, Instance /des_decoder_des_decoder_sch_tb/UUT/XLXI_77/XLXI_4/sb4/ : Warning: NUMERIC_STD.TO_INTEGER: metavalue detected, returning 0
at 0 ps, Instance /des_decoder_des_decoder_sch_tb/UUT/XLXI_77/XLXI_4/sb4/ : Warning: NUMERIC_STD.TO_INTEGER: metavalue detected, returning 0
at 0 ps, Instance /des_decoder_des_decoder_sch_tb/UUT/XLXI_77/XLXI_4/sb5/ : Warning: NUMERIC_STD.TO_INTEGER: metavalue detected, returning 0
at 0 ps, Instance /des_decoder_des_decoder_sch_tb/UUT/XLXI_77/XLXI_4/sb5/ : Warning: NUMERIC_STD.TO_INTEGER: metavalue detected, returning 0
at 0 ps, Instance /des_decoder_des_decoder_sch_tb/UUT/XLXI_77/XLXI_4/sb6/ : Warning: NUMERIC_STD.TO_INTEGER: metavalue detected, returning 0
at 0 ps, Instance /des_decoder_des_decoder_sch_tb/UUT/XLXI_77/XLXI_4/sb6/ : Warning: NUMERIC_STD.TO_INTEGER: metavalue detected, returning 0
at 0 ps, Instance /des_decoder_des_decoder_sch_tb/UUT/XLXI_77/XLXI_4/sb7/ : Warning: NUMERIC_STD.TO_INTEGER: metavalue detected, returning 0
at 0 ps, Instance /des_decoder_des_decoder_sch_tb/UUT/XLXI_77/XLXI_4/sb7/ : Warning: NUMERIC_STD.TO_INTEGER: metavalue detected, returning 0
at 0 ps, Instance /des_decoder_des_decoder_sch_tb/UUT/XLXI_91/XLXI_4/sb0/ : Warning: NUMERIC_STD.TO_INTEGER: metavalue detected, returning 0
at 0 ps, Instance /des_decoder_des_decoder_sch_tb/UUT/XLXI_91/XLXI_4/sb0/ : Warning: NUMERIC_STD.TO_INTEGER: metavalue detected, returning 0
at 0 ps, Instance /des_decoder_des_decoder_sch_tb/UUT/XLXI_91/XLXI_4/sb1/ : Warning: NUMERIC_STD.TO_INTEGER: metavalue detected, returning 0
at 0 ps, Instance /des_decoder_des_decoder_sch_tb/UUT/XLXI_91/XLXI_4/sb1/ : Warning: NUMERIC_STD.TO_INTEGER: metavalue detected, returning 0
at 0 ps, Instance /des_decoder_des_decoder_sch_tb/UUT/XLXI_91/XLXI_4/sb2/ : Warning: NUMERIC_STD.TO_INTEGER: metavalue detected, returning 0
at 0 ps, Instance /des_decoder_des_decoder_sch_tb/UUT/XLXI_91/XLXI_4/sb2/ : Warning: NUMERIC_STD.TO_INTEGER: metavalue detected, returning 0
at 0 ps, Instance /des_decoder_des_decoder_sch_tb/UUT/XLXI_91/XLXI_4/sb3/ : Warning: NUMERIC_STD.TO_INTEGER: metavalue detected, returning 0
at 0 ps, Instance /des_decoder_des_decoder_sch_tb/UUT/XLXI_91/XLXI_4/sb3/ : Warning: NUMERIC_STD.TO_INTEGER: metavalue detected, returning 0
at 0 ps, Instance /des_decoder_des_decoder_sch_tb/UUT/XLXI_91/XLXI_4/sb4/ : Warning: NUMERIC_STD.TO_INTEGER: metavalue detected, returning 0
at 0 ps, Instance /des_decoder_des_decoder_sch_tb/UUT/XLXI_91/XLXI_4/sb4/ : Warning: NUMERIC_STD.TO_INTEGER: metavalue detected, returning 0
at 0 ps, Instance /des_decoder_des_decoder_sch_tb/UUT/XLXI_91/XLXI_4/sb5/ : Warning: NUMERIC_STD.TO_INTEGER: metavalue detected, returning 0
at 0 ps, Instance /des_decoder_des_decoder_sch_tb/UUT/XLXI_91/XLXI_4/sb5/ : Warning: NUMERIC_STD.TO_INTEGER: metavalue detected, returning 0
at 0 ps, Instance /des_decoder_des_decoder_sch_tb/UUT/XLXI_91/XLXI_4/sb6/ : Warning: NUMERIC_STD.TO_INTEGER: metavalue detected, returning 0
at 0 ps, Instance /des_decoder_des_decoder_sch_tb/UUT/XLXI_91/XLXI_4/sb6/ : Warning: NUMERIC_STD.TO_INTEGER: metavalue detected, returning 0
at 0 ps, Instance /des_decoder_des_decoder_sch_tb/UUT/XLXI_91/XLXI_4/sb7/ : Warning: NUMERIC_STD.TO_INTEGER: metavalue detected, returning 0
at 0 ps, Instance /des_decoder_des_decoder_sch_tb/UUT/XLXI_91/XLXI_4/sb7/ : Warning: NUMERIC_STD.TO_INTEGER: metavalue detected, returning 0
at 0 ps, Instance /des_decoder_des_decoder_sch_tb/UUT/XLXI_106/XLXI_4/sb0/ : Warning: NUMERIC_STD.TO_INTEGER: metavalue detected, returning 0
at 0 ps, Instance /des_decoder_des_decoder_sch_tb/UUT/XLXI_106/XLXI_4/sb0/ : Warning: NUMERIC_STD.TO_INTEGER: metavalue detected, returning 0
at 0 ps, Instance /des_decoder_des_decoder_sch_tb/UUT/XLXI_106/XLXI_4/sb1/ : Warning: NUMERIC_STD.TO_INTEGER: metavalue detected, returning 0
at 0 ps, Instance /des_decoder_des_decoder_sch_tb/UUT/XLXI_106/XLXI_4/sb1/ : Warning: NUMERIC_STD.TO_INTEGER: metavalue detected, returning 0
at 0 ps, Instance /des_decoder_des_decoder_sch_tb/UUT/XLXI_106/XLXI_4/sb2/ : Warning: NUMERIC_STD.TO_INTEGER: metavalue detected, returning 0
at 0 ps, Instance /des_decoder_des_decoder_sch_tb/UUT/XLXI_106/XLXI_4/sb2/ : Warning: NUMERIC_STD.TO_INTEGER: metavalue detected, returning 0
at 0 ps, Instance /des_decoder_des_decoder_sch_tb/UUT/XLXI_106/XLXI_4/sb3/ : Warning: NUMERIC_STD.TO_INTEGER: metavalue detected, returning 0
at 0 ps, Instance /des_decoder_des_decoder_sch_tb/UUT/XLXI_106/XLXI_4/sb3/ : Warning: NUMERIC_STD.TO_INTEGER: metavalue detected, returning 0
at 0 ps, Instance /des_decoder_des_decoder_sch_tb/UUT/XLXI_106/XLXI_4/sb4/ : Warning: NUMERIC_STD.TO_INTEGER: metavalue detected, returning 0
at 0 ps, Instance /des_decoder_des_decoder_sch_tb/UUT/XLXI_106/XLXI_4/sb4/ : Warning: NUMERIC_STD.TO_INTEGER: metavalue detected, returning 0
at 0 ps, Instance /des_decoder_des_decoder_sch_tb/UUT/XLXI_106/XLXI_4/sb5/ : Warning: NUMERIC_STD.TO_INTEGER: metavalue detected, returning 0
at 0 ps, Instance /des_decoder_des_decoder_sch_tb/UUT/XLXI_106/XLXI_4/sb5/ : Warning: NUMERIC_STD.TO_INTEGER: metavalue detected, returning 0
at 0 ps, Instance /des_decoder_des_decoder_sch_tb/UUT/XLXI_106/XLXI_4/sb6/ : Warning: NUMERIC_STD.TO_INTEGER: metavalue detected, returning 0
at 0 ps, Instance /des_decoder_des_decoder_sch_tb/UUT/XLXI_106/XLXI_4/sb6/ : Warning: NUMERIC_STD.TO_INTEGER: metavalue detected, returning 0
at 0 ps, Instance /des_decoder_des_decoder_sch_tb/UUT/XLXI_106/XLXI_4/sb7/ : Warning: NUMERIC_STD.TO_INTEGER: metavalue detected, returning 0
at 0 ps, Instance /des_decoder_des_decoder_sch_tb/UUT/XLXI_106/XLXI_4/sb7/ : Warning: NUMERIC_STD.TO_INTEGER: metavalue detected, returning 0
at 0 ps, Instance /des_decoder_des_decoder_sch_tb/UUT/XLXI_111/XLXI_4/sb0/ : Warning: NUMERIC_STD.TO_INTEGER: metavalue detected, returning 0
at 0 ps, Instance /des_decoder_des_decoder_sch_tb/UUT/XLXI_111/XLXI_4/sb0/ : Warning: NUMERIC_STD.TO_INTEGER: metavalue detected, returning 0
at 0 ps, Instance /des_decoder_des_decoder_sch_tb/UUT/XLXI_111/XLXI_4/sb1/ : Warning: NUMERIC_STD.TO_INTEGER: metavalue detected, returning 0
at 0 ps, Instance /des_decoder_des_decoder_sch_tb/UUT/XLXI_111/XLXI_4/sb1/ : Warning: NUMERIC_STD.TO_INTEGER: metavalue detected, returning 0
at 0 ps, Instance /des_decoder_des_decoder_sch_tb/UUT/XLXI_111/XLXI_4/sb2/ : Warning: NUMERIC_STD.TO_INTEGER: metavalue detected, returning 0
at 0 ps, Instance /des_decoder_des_decoder_sch_tb/UUT/XLXI_111/XLXI_4/sb2/ : Warning: NUMERIC_STD.TO_INTEGER: metavalue detected, returning 0
at 0 ps, Instance /des_decoder_des_decoder_sch_tb/UUT/XLXI_111/XLXI_4/sb3/ : Warning: NUMERIC_STD.TO_INTEGER: metavalue detected, returning 0
at 0 ps, Instance /des_decoder_des_decoder_sch_tb/UUT/XLXI_111/XLXI_4/sb3/ : Warning: NUMERIC_STD.TO_INTEGER: metavalue detected, returning 0
at 0 ps, Instance /des_decoder_des_decoder_sch_tb/UUT/XLXI_111/XLXI_4/sb4/ : Warning: NUMERIC_STD.TO_INTEGER: metavalue detected, returning 0
at 0 ps, Instance /des_decoder_des_decoder_sch_tb/UUT/XLXI_111/XLXI_4/sb4/ : Warning: NUMERIC_STD.TO_INTEGER: metavalue detected, returning 0
at 0 ps, Instance /des_decoder_des_decoder_sch_tb/UUT/XLXI_111/XLXI_4/sb5/ : Warning: NUMERIC_STD.TO_INTEGER: metavalue detected, returning 0
at 0 ps, Instance /des_decoder_des_decoder_sch_tb/UUT/XLXI_111/XLXI_4/sb5/ : Warning: NUMERIC_STD.TO_INTEGER: metavalue detected, returning 0
at 0 ps, Instance /des_decoder_des_decoder_sch_tb/UUT/XLXI_111/XLXI_4/sb6/ : Warning: NUMERIC_STD.TO_INTEGER: metavalue detected, returning 0
at 0 ps, Instance /des_decoder_des_decoder_sch_tb/UUT/XLXI_111/XLXI_4/sb6/ : Warning: NUMERIC_STD.TO_INTEGER: metavalue detected, returning 0
at 0 ps, Instance /des_decoder_des_decoder_sch_tb/UUT/XLXI_111/XLXI_4/sb7/ : Warning: NUMERIC_STD.TO_INTEGER: metavalue detected, returning 0
at 0 ps, Instance /des_decoder_des_decoder_sch_tb/UUT/XLXI_111/XLXI_4/sb7/ : Warning: NUMERIC_STD.TO_INTEGER: metavalue detected, returning 0
at 0 ps, Instance /des_decoder_des_decoder_sch_tb/UUT/XLXI_116/XLXI_4/sb0/ : Warning: NUMERIC_STD.TO_INTEGER: metavalue detected, returning 0
at 0 ps, Instance /des_decoder_des_decoder_sch_tb/UUT/XLXI_116/XLXI_4/sb0/ : Warning: NUMERIC_STD.TO_INTEGER: metavalue detected, returning 0
at 0 ps, Instance /des_decoder_des_decoder_sch_tb/UUT/XLXI_116/XLXI_4/sb1/ : Warning: NUMERIC_STD.TO_INTEGER: metavalue detected, returning 0
at 0 ps, Instance /des_decoder_des_decoder_sch_tb/UUT/XLXI_116/XLXI_4/sb1/ : Warning: NUMERIC_STD.TO_INTEGER: metavalue detected, returning 0
at 0 ps, Instance /des_decoder_des_decoder_sch_tb/UUT/XLXI_116/XLXI_4/sb2/ : Warning: NUMERIC_STD.TO_INTEGER: metavalue detected, returning 0
at 0 ps, Instance /des_decoder_des_decoder_sch_tb/UUT/XLXI_116/XLXI_4/sb2/ : Warning: NUMERIC_STD.TO_INTEGER: metavalue detected, returning 0
at 0 ps, Instance /des_decoder_des_decoder_sch_tb/UUT/XLXI_116/XLXI_4/sb3/ : Warning: NUMERIC_STD.TO_INTEGER: metavalue detected, returning 0
at 0 ps, Instance /des_decoder_des_decoder_sch_tb/UUT/XLXI_116/XLXI_4/sb3/ : Warning: NUMERIC_STD.TO_INTEGER: metavalue detected, returning 0
at 0 ps, Instance /des_decoder_des_decoder_sch_tb/UUT/XLXI_116/XLXI_4/sb4/ : Warning: NUMERIC_STD.TO_INTEGER: metavalue detected, returning 0
at 0 ps, Instance /des_decoder_des_decoder_sch_tb/UUT/XLXI_116/XLXI_4/sb4/ : Warning: NUMERIC_STD.TO_INTEGER: metavalue detected, returning 0
at 0 ps, Instance /des_decoder_des_decoder_sch_tb/UUT/XLXI_116/XLXI_4/sb5/ : Warning: NUMERIC_STD.TO_INTEGER: metavalue detected, returning 0
at 0 ps, Instance /des_decoder_des_decoder_sch_tb/UUT/XLXI_116/XLXI_4/sb5/ : Warning: NUMERIC_STD.TO_INTEGER: metavalue detected, returning 0
at 0 ps, Instance /des_decoder_des_decoder_sch_tb/UUT/XLXI_116/XLXI_4/sb6/ : Warning: NUMERIC_STD.TO_INTEGER: metavalue detected, returning 0
at 0 ps, Instance /des_decoder_des_decoder_sch_tb/UUT/XLXI_116/XLXI_4/sb6/ : Warning: NUMERIC_STD.TO_INTEGER: metavalue detected, returning 0
at 0 ps, Instance /des_decoder_des_decoder_sch_tb/UUT/XLXI_116/XLXI_4/sb7/ : Warning: NUMERIC_STD.TO_INTEGER: metavalue detected, returning 0
at 0 ps, Instance /des_decoder_des_decoder_sch_tb/UUT/XLXI_116/XLXI_4/sb7/ : Warning: NUMERIC_STD.TO_INTEGER: metavalue detected, returning 0
at 0 ps, Instance /des_decoder_des_decoder_sch_tb/UUT/XLXI_121/XLXI_4/sb0/ : Warning: NUMERIC_STD.TO_INTEGER: metavalue detected, returning 0
at 0 ps, Instance /des_decoder_des_decoder_sch_tb/UUT/XLXI_121/XLXI_4/sb0/ : Warning: NUMERIC_STD.TO_INTEGER: metavalue detected, returning 0
at 0 ps, Instance /des_decoder_des_decoder_sch_tb/UUT/XLXI_121/XLXI_4/sb1/ : Warning: NUMERIC_STD.TO_INTEGER: metavalue detected, returning 0
at 0 ps, Instance /des_decoder_des_decoder_sch_tb/UUT/XLXI_121/XLXI_4/sb1/ : Warning: NUMERIC_STD.TO_INTEGER: metavalue detected, returning 0
at 0 ps, Instance /des_decoder_des_decoder_sch_tb/UUT/XLXI_121/XLXI_4/sb2/ : Warning: NUMERIC_STD.TO_INTEGER: metavalue detected, returning 0
at 0 ps, Instance /des_decoder_des_decoder_sch_tb/UUT/XLXI_121/XLXI_4/sb2/ : Warning: NUMERIC_STD.TO_INTEGER: metavalue detected, returning 0
at 0 ps, Instance /des_decoder_des_decoder_sch_tb/UUT/XLXI_121/XLXI_4/sb3/ : Warning: NUMERIC_STD.TO_INTEGER: metavalue detected, returning 0
at 0 ps, Instance /des_decoder_des_decoder_sch_tb/UUT/XLXI_121/XLXI_4/sb3/ : Warning: NUMERIC_STD.TO_INTEGER: metavalue detected, returning 0
at 0 ps, Instance /des_decoder_des_decoder_sch_tb/UUT/XLXI_121/XLXI_4/sb4/ : Warning: NUMERIC_STD.TO_INTEGER: metavalue detected, returning 0
at 0 ps, Instance /des_decoder_des_decoder_sch_tb/UUT/XLXI_121/XLXI_4/sb4/ : Warning: NUMERIC_STD.TO_INTEGER: metavalue detected, returning 0
at 0 ps, Instance /des_decoder_des_decoder_sch_tb/UUT/XLXI_121/XLXI_4/sb5/ : Warning: NUMERIC_STD.TO_INTEGER: metavalue detected, returning 0
at 0 ps, Instance /des_decoder_des_decoder_sch_tb/UUT/XLXI_121/XLXI_4/sb5/ : Warning: NUMERIC_STD.TO_INTEGER: metavalue detected, returning 0
at 0 ps, Instance /des_decoder_des_decoder_sch_tb/UUT/XLXI_121/XLXI_4/sb6/ : Warning: NUMERIC_STD.TO_INTEGER: metavalue detected, returning 0
at 0 ps, Instance /des_decoder_des_decoder_sch_tb/UUT/XLXI_121/XLXI_4/sb6/ : Warning: NUMERIC_STD.TO_INTEGER: metavalue detected, returning 0
at 0 ps, Instance /des_decoder_des_decoder_sch_tb/UUT/XLXI_121/XLXI_4/sb7/ : Warning: NUMERIC_STD.TO_INTEGER: metavalue detected, returning 0
at 0 ps, Instance /des_decoder_des_decoder_sch_tb/UUT/XLXI_121/XLXI_4/sb7/ : Warning: NUMERIC_STD.TO_INTEGER: metavalue detected, returning 0
at 0 ps, Instance /des_decoder_des_decoder_sch_tb/UUT/XLXI_128/XLXI_4/sb0/ : Warning: NUMERIC_STD.TO_INTEGER: metavalue detected, returning 0
at 0 ps, Instance /des_decoder_des_decoder_sch_tb/UUT/XLXI_128/XLXI_4/sb0/ : Warning: NUMERIC_STD.TO_INTEGER: metavalue detected, returning 0
at 0 ps, Instance /des_decoder_des_decoder_sch_tb/UUT/XLXI_128/XLXI_4/sb1/ : Warning: NUMERIC_STD.TO_INTEGER: metavalue detected, returning 0
at 0 ps, Instance /des_decoder_des_decoder_sch_tb/UUT/XLXI_128/XLXI_4/sb1/ : Warning: NUMERIC_STD.TO_INTEGER: metavalue detected, returning 0
at 0 ps, Instance /des_decoder_des_decoder_sch_tb/UUT/XLXI_128/XLXI_4/sb2/ : Warning: NUMERIC_STD.TO_INTEGER: metavalue detected, returning 0
at 0 ps, Instance /des_decoder_des_decoder_sch_tb/UUT/XLXI_128/XLXI_4/sb2/ : Warning: NUMERIC_STD.TO_INTEGER: metavalue detected, returning 0
at 0 ps, Instance /des_decoder_des_decoder_sch_tb/UUT/XLXI_128/XLXI_4/sb3/ : Warning: NUMERIC_STD.TO_INTEGER: metavalue detected, returning 0
at 0 ps, Instance /des_decoder_des_decoder_sch_tb/UUT/XLXI_128/XLXI_4/sb3/ : Warning: NUMERIC_STD.TO_INTEGER: metavalue detected, returning 0
at 0 ps, Instance /des_decoder_des_decoder_sch_tb/UUT/XLXI_128/XLXI_4/sb4/ : Warning: NUMERIC_STD.TO_INTEGER: metavalue detected, returning 0
at 0 ps, Instance /des_decoder_des_decoder_sch_tb/UUT/XLXI_128/XLXI_4/sb4/ : Warning: NUMERIC_STD.TO_INTEGER: metavalue detected, returning 0
at 0 ps, Instance /des_decoder_des_decoder_sch_tb/UUT/XLXI_128/XLXI_4/sb5/ : Warning: NUMERIC_STD.TO_INTEGER: metavalue detected, returning 0
at 0 ps, Instance /des_decoder_des_decoder_sch_tb/UUT/XLXI_128/XLXI_4/sb5/ : Warning: NUMERIC_STD.TO_INTEGER: metavalue detected, returning 0
at 0 ps, Instance /des_decoder_des_decoder_sch_tb/UUT/XLXI_128/XLXI_4/sb6/ : Warning: NUMERIC_STD.TO_INTEGER: metavalue detected, returning 0
at 0 ps, Instance /des_decoder_des_decoder_sch_tb/UUT/XLXI_128/XLXI_4/sb6/ : Warning: NUMERIC_STD.TO_INTEGER: metavalue detected, returning 0
at 0 ps, Instance /des_decoder_des_decoder_sch_tb/UUT/XLXI_128/XLXI_4/sb7/ : Warning: NUMERIC_STD.TO_INTEGER: metavalue detected, returning 0
at 0 ps, Instance /des_decoder_des_decoder_sch_tb/UUT/XLXI_128/XLXI_4/sb7/ : Warning: NUMERIC_STD.TO_INTEGER: metavalue detected, returning 0
Finished circuit initialization process.
at 0 ps, Instance /des_decoder_des_decoder_sch_tb/UUT/XLXI_2/XLXI_4/sb0/ : Warning: NUMERIC_STD.TO_INTEGER: metavalue detected, returning 0
at 0 ps, Instance /des_decoder_des_decoder_sch_tb/UUT/XLXI_2/XLXI_4/sb0/ : Warning: NUMERIC_STD.TO_INTEGER: metavalue detected, returning 0
at 0 ps, Instance /des_decoder_des_decoder_sch_tb/UUT/XLXI_2/XLXI_4/sb1/ : Warning: NUMERIC_STD.TO_INTEGER: metavalue detected, returning 0
at 0 ps, Instance /des_decoder_des_decoder_sch_tb/UUT/XLXI_2/XLXI_4/sb1/ : Warning: NUMERIC_STD.TO_INTEGER: metavalue detected, returning 0
at 0 ps, Instance /des_decoder_des_decoder_sch_tb/UUT/XLXI_2/XLXI_4/sb2/ : Warning: NUMERIC_STD.TO_INTEGER: metavalue detected, returning 0
at 0 ps, Instance /des_decoder_des_decoder_sch_tb/UUT/XLXI_2/XLXI_4/sb2/ : Warning: NUMERIC_STD.TO_INTEGER: metavalue detected, returning 0
at 0 ps, Instance /des_decoder_des_decoder_sch_tb/UUT/XLXI_2/XLXI_4/sb3/ : Warning: NUMERIC_STD.TO_INTEGER: metavalue detected, returning 0
at 0 ps, Instance /des_decoder_des_decoder_sch_tb/UUT/XLXI_2/XLXI_4/sb3/ : Warning: NUMERIC_STD.TO_INTEGER: metavalue detected, returning 0
at 0 ps, Instance /des_decoder_des_decoder_sch_tb/UUT/XLXI_2/XLXI_4/sb4/ : Warning: NUMERIC_STD.TO_INTEGER: metavalue detected, returning 0
at 0 ps, Instance /des_decoder_des_decoder_sch_tb/UUT/XLXI_2/XLXI_4/sb4/ : Warning: NUMERIC_STD.TO_INTEGER: metavalue detected, returning 0
at 0 ps, Instance /des_decoder_des_decoder_sch_tb/UUT/XLXI_2/XLXI_4/sb5/ : Warning: NUMERIC_STD.TO_INTEGER: metavalue detected, returning 0
at 0 ps, Instance /des_decoder_des_decoder_sch_tb/UUT/XLXI_2/XLXI_4/sb5/ : Warning: NUMERIC_STD.TO_INTEGER: metavalue detected, returning 0
at 0 ps, Instance /des_decoder_des_decoder_sch_tb/UUT/XLXI_2/XLXI_4/sb6/ : Warning: NUMERIC_STD.TO_INTEGER: metavalue detected, returning 0
at 0 ps, Instance /des_decoder_des_decoder_sch_tb/UUT/XLXI_2/XLXI_4/sb6/ : Warning: NUMERIC_STD.TO_INTEGER: metavalue detected, returning 0
at 0 ps, Instance /des_decoder_des_decoder_sch_tb/UUT/XLXI_2/XLXI_4/sb7/ : Warning: NUMERIC_STD.TO_INTEGER: metavalue detected, returning 0
at 0 ps, Instance /des_decoder_des_decoder_sch_tb/UUT/XLXI_2/XLXI_4/sb7/ : Warning: NUMERIC_STD.TO_INTEGER: metavalue detected, returning 0
at 0 ps, Instance /des_decoder_des_decoder_sch_tb/UUT/XLXI_13/XLXI_4/sb0/ : Warning: NUMERIC_STD.TO_INTEGER: metavalue detected, returning 0
at 0 ps, Instance /des_decoder_des_decoder_sch_tb/UUT/XLXI_13/XLXI_4/sb0/ : Warning: NUMERIC_STD.TO_INTEGER: metavalue detected, returning 0
at 0 ps, Instance /des_decoder_des_decoder_sch_tb/UUT/XLXI_13/XLXI_4/sb1/ : Warning: NUMERIC_STD.TO_INTEGER: metavalue detected, returning 0
at 0 ps, Instance /des_decoder_des_decoder_sch_tb/UUT/XLXI_13/XLXI_4/sb1/ : Warning: NUMERIC_STD.TO_INTEGER: metavalue detected, returning 0
at 0 ps, Instance /des_decoder_des_decoder_sch_tb/UUT/XLXI_13/XLXI_4/sb2/ : Warning: NUMERIC_STD.TO_INTEGER: metavalue detected, returning 0
at 0 ps, Instance /des_decoder_des_decoder_sch_tb/UUT/XLXI_13/XLXI_4/sb2/ : Warning: NUMERIC_STD.TO_INTEGER: metavalue detected, returning 0
at 0 ps, Instance /des_decoder_des_decoder_sch_tb/UUT/XLXI_13/XLXI_4/sb3/ : Warning: NUMERIC_STD.TO_INTEGER: metavalue detected, returning 0
at 0 ps, Instance /des_decoder_des_decoder_sch_tb/UUT/XLXI_13/XLXI_4/sb3/ : Warning: NUMERIC_STD.TO_INTEGER: metavalue detected, returning 0
at 0 ps, Instance /des_decoder_des_decoder_sch_tb/UUT/XLXI_13/XLXI_4/sb4/ : Warning: NUMERIC_STD.TO_INTEGER: metavalue detected, returning 0
at 0 ps, Instance /des_decoder_des_decoder_sch_tb/UUT/XLXI_13/XLXI_4/sb4/ : Warning: NUMERIC_STD.TO_INTEGER: metavalue detected, returning 0
at 0 ps, Instance /des_decoder_des_decoder_sch_tb/UUT/XLXI_13/XLXI_4/sb5/ : Warning: NUMERIC_STD.TO_INTEGER: metavalue detected, returning 0
at 0 ps, Instance /des_decoder_des_decoder_sch_tb/UUT/XLXI_13/XLXI_4/sb5/ : Warning: NUMERIC_STD.TO_INTEGER: metavalue detected, returning 0
at 0 ps, Instance /des_decoder_des_decoder_sch_tb/UUT/XLXI_13/XLXI_4/sb6/ : Warning: NUMERIC_STD.TO_INTEGER: metavalue detected, returning 0
at 0 ps, Instance /des_decoder_des_decoder_sch_tb/UUT/XLXI_13/XLXI_4/sb6/ : Warning: NUMERIC_STD.TO_INTEGER: metavalue detected, returning 0
at 0 ps, Instance /des_decoder_des_decoder_sch_tb/UUT/XLXI_13/XLXI_4/sb7/ : Warning: NUMERIC_STD.TO_INTEGER: metavalue detected, returning 0
at 0 ps, Instance /des_decoder_des_decoder_sch_tb/UUT/XLXI_13/XLXI_4/sb7/ : Warning: NUMERIC_STD.TO_INTEGER: metavalue detected, returning 0
at 0 ps, Instance /des_decoder_des_decoder_sch_tb/UUT/XLXI_23/XLXI_4/sb0/ : Warning: NUMERIC_STD.TO_INTEGER: metavalue detected, returning 0
at 0 ps, Instance /des_decoder_des_decoder_sch_tb/UUT/XLXI_23/XLXI_4/sb0/ : Warning: NUMERIC_STD.TO_INTEGER: metavalue detected, returning 0
at 0 ps, Instance /des_decoder_des_decoder_sch_tb/UUT/XLXI_23/XLXI_4/sb1/ : Warning: NUMERIC_STD.TO_INTEGER: metavalue detected, returning 0
at 0 ps, Instance /des_decoder_des_decoder_sch_tb/UUT/XLXI_23/XLXI_4/sb1/ : Warning: NUMERIC_STD.TO_INTEGER: metavalue detected, returning 0
at 0 ps, Instance /des_decoder_des_decoder_sch_tb/UUT/XLXI_23/XLXI_4/sb2/ : Warning: NUMERIC_STD.TO_INTEGER: metavalue detected, returning 0
at 0 ps, Instance /des_decoder_des_decoder_sch_tb/UUT/XLXI_23/XLXI_4/sb2/ : Warning: NUMERIC_STD.TO_INTEGER: metavalue detected, returning 0
at 0 ps, Instance /des_decoder_des_decoder_sch_tb/UUT/XLXI_23/XLXI_4/sb3/ : Warning: NUMERIC_STD.TO_INTEGER: metavalue detected, returning 0
at 0 ps, Instance /des_decoder_des_decoder_sch_tb/UUT/XLXI_23/XLXI_4/sb3/ : Warning: NUMERIC_STD.TO_INTEGER: metavalue detected, returning 0
at 0 ps, Instance /des_decoder_des_decoder_sch_tb/UUT/XLXI_23/XLXI_4/sb4/ : Warning: NUMERIC_STD.TO_INTEGER: metavalue detected, returning 0
at 0 ps, Instance /des_decoder_des_decoder_sch_tb/UUT/XLXI_23/XLXI_4/sb4/ : Warning: NUMERIC_STD.TO_INTEGER: metavalue detected, returning 0
at 0 ps, Instance /des_decoder_des_decoder_sch_tb/UUT/XLXI_23/XLXI_4/sb5/ : Warning: NUMERIC_STD.TO_INTEGER: metavalue detected, returning 0
at 0 ps, Instance /des_decoder_des_decoder_sch_tb/UUT/XLXI_23/XLXI_4/sb5/ : Warning: NUMERIC_STD.TO_INTEGER: metavalue detected, returning 0
at 0 ps, Instance /des_decoder_des_decoder_sch_tb/UUT/XLXI_23/XLXI_4/sb6/ : Warning: NUMERIC_STD.TO_INTEGER: metavalue detected, returning 0
at 0 ps, Instance /des_decoder_des_decoder_sch_tb/UUT/XLXI_23/XLXI_4/sb6/ : Warning: NUMERIC_STD.TO_INTEGER: metavalue detected, returning 0
at 0 ps, Instance /des_decoder_des_decoder_sch_tb/UUT/XLXI_23/XLXI_4/sb7/ : Warning: NUMERIC_STD.TO_INTEGER: metavalue detected, returning 0
at 0 ps, Instance /des_decoder_des_decoder_sch_tb/UUT/XLXI_23/XLXI_4/sb7/ : Warning: NUMERIC_STD.TO_INTEGER: metavalue detected, returning 0
at 0 ps, Instance /des_decoder_des_decoder_sch_tb/UUT/XLXI_45/XLXI_4/sb0/ : Warning: NUMERIC_STD.TO_INTEGER: metavalue detected, returning 0
at 0 ps, Instance /des_decoder_des_decoder_sch_tb/UUT/XLXI_45/XLXI_4/sb0/ : Warning: NUMERIC_STD.TO_INTEGER: metavalue detected, returning 0
at 0 ps, Instance /des_decoder_des_decoder_sch_tb/UUT/XLXI_45/XLXI_4/sb1/ : Warning: NUMERIC_STD.TO_INTEGER: metavalue detected, returning 0
at 0 ps, Instance /des_decoder_des_decoder_sch_tb/UUT/XLXI_45/XLXI_4/sb1/ : Warning: NUMERIC_STD.TO_INTEGER: metavalue detected, returning 0
at 0 ps, Instance /des_decoder_des_decoder_sch_tb/UUT/XLXI_45/XLXI_4/sb2/ : Warning: NUMERIC_STD.TO_INTEGER: metavalue detected, returning 0
at 0 ps, Instance /des_decoder_des_decoder_sch_tb/UUT/XLXI_45/XLXI_4/sb2/ : Warning: NUMERIC_STD.TO_INTEGER: metavalue detected, returning 0
at 0 ps, Instance /des_decoder_des_decoder_sch_tb/UUT/XLXI_45/XLXI_4/sb3/ : Warning: NUMERIC_STD.TO_INTEGER: metavalue detected, returning 0
at 0 ps, Instance /des_decoder_des_decoder_sch_tb/UUT/XLXI_45/XLXI_4/sb3/ : Warning: NUMERIC_STD.TO_INTEGER: metavalue detected, returning 0
at 0 ps, Instance /des_decoder_des_decoder_sch_tb/UUT/XLXI_45/XLXI_4/sb4/ : Warning: NUMERIC_STD.TO_INTEGER: metavalue detected, returning 0
at 0 ps, Instance /des_decoder_des_decoder_sch_tb/UUT/XLXI_45/XLXI_4/sb4/ : Warning: NUMERIC_STD.TO_INTEGER: metavalue detected, returning 0
at 0 ps, Instance /des_decoder_des_decoder_sch_tb/UUT/XLXI_45/XLXI_4/sb5/ : Warning: NUMERIC_STD.TO_INTEGER: metavalue detected, returning 0
at 0 ps, Instance /des_decoder_des_decoder_sch_tb/UUT/XLXI_45/XLXI_4/sb5/ : Warning: NUMERIC_STD.TO_INTEGER: metavalue detected, returning 0
at 0 ps, Instance /des_decoder_des_decoder_sch_tb/UUT/XLXI_45/XLXI_4/sb6/ : Warning: NUMERIC_STD.TO_INTEGER: metavalue detected, returning 0
at 0 ps, Instance /des_decoder_des_decoder_sch_tb/UUT/XLXI_45/XLXI_4/sb6/ : Warning: NUMERIC_STD.TO_INTEGER: metavalue detected, returning 0
at 0 ps, Instance /des_decoder_des_decoder_sch_tb/UUT/XLXI_45/XLXI_4/sb7/ : Warning: NUMERIC_STD.TO_INTEGER: metavalue detected, returning 0
at 0 ps, Instance /des_decoder_des_decoder_sch_tb/UUT/XLXI_45/XLXI_4/sb7/ : Warning: NUMERIC_STD.TO_INTEGER: metavalue detected, returning 0
at 0 ps, Instance /des_decoder_des_decoder_sch_tb/UUT/XLXI_50/XLXI_4/sb0/ : Warning: NUMERIC_STD.TO_INTEGER: metavalue detected, returning 0
at 0 ps, Instance /des_decoder_des_decoder_sch_tb/UUT/XLXI_50/XLXI_4/sb0/ : Warning: NUMERIC_STD.TO_INTEGER: metavalue detected, returning 0
at 0 ps, Instance /des_decoder_des_decoder_sch_tb/UUT/XLXI_50/XLXI_4/sb1/ : Warning: NUMERIC_STD.TO_INTEGER: metavalue detected, returning 0
at 0 ps, Instance /des_decoder_des_decoder_sch_tb/UUT/XLXI_50/XLXI_4/sb1/ : Warning: NUMERIC_STD.TO_INTEGER: metavalue detected, returning 0
at 0 ps, Instance /des_decoder_des_decoder_sch_tb/UUT/XLXI_50/XLXI_4/sb2/ : Warning: NUMERIC_STD.TO_INTEGER: metavalue detected, returning 0
at 0 ps, Instance /des_decoder_des_decoder_sch_tb/UUT/XLXI_50/XLXI_4/sb2/ : Warning: NUMERIC_STD.TO_INTEGER: metavalue detected, returning 0
at 0 ps, Instance /des_decoder_des_decoder_sch_tb/UUT/XLXI_50/XLXI_4/sb3/ : Warning: NUMERIC_STD.TO_INTEGER: metavalue detected, returning 0
at 0 ps, Instance /des_decoder_des_decoder_sch_tb/UUT/XLXI_50/XLXI_4/sb3/ : Warning: NUMERIC_STD.TO_INTEGER: metavalue detected, returning 0
at 0 ps, Instance /des_decoder_des_decoder_sch_tb/UUT/XLXI_50/XLXI_4/sb4/ : Warning: NUMERIC_STD.TO_INTEGER: metavalue detected, returning 0
at 0 ps, Instance /des_decoder_des_decoder_sch_tb/UUT/XLXI_50/XLXI_4/sb4/ : Warning: NUMERIC_STD.TO_INTEGER: metavalue detected, returning 0
at 0 ps, Instance /des_decoder_des_decoder_sch_tb/UUT/XLXI_50/XLXI_4/sb5/ : Warning: NUMERIC_STD.TO_INTEGER: metavalue detected, returning 0
at 0 ps, Instance /des_decoder_des_decoder_sch_tb/UUT/XLXI_50/XLXI_4/sb5/ : Warning: NUMERIC_STD.TO_INTEGER: metavalue detected, returning 0
at 0 ps, Instance /des_decoder_des_decoder_sch_tb/UUT/XLXI_50/XLXI_4/sb6/ : Warning: NUMERIC_STD.TO_INTEGER: metavalue detected, returning 0
at 0 ps, Instance /des_decoder_des_decoder_sch_tb/UUT/XLXI_50/XLXI_4/sb6/ : Warning: NUMERIC_STD.TO_INTEGER: metavalue detected, returning 0
at 0 ps, Instance /des_decoder_des_decoder_sch_tb/UUT/XLXI_50/XLXI_4/sb7/ : Warning: NUMERIC_STD.TO_INTEGER: metavalue detected, returning 0
at 0 ps, Instance /des_decoder_des_decoder_sch_tb/UUT/XLXI_50/XLXI_4/sb7/ : Warning: NUMERIC_STD.TO_INTEGER: metavalue detected, returning 0
at 0 ps, Instance /des_decoder_des_decoder_sch_tb/UUT/XLXI_55/XLXI_4/sb0/ : Warning: NUMERIC_STD.TO_INTEGER: metavalue detected, returning 0
at 0 ps, Instance /des_decoder_des_decoder_sch_tb/UUT/XLXI_55/XLXI_4/sb0/ : Warning: NUMERIC_STD.TO_INTEGER: metavalue detected, returning 0
at 0 ps, Instance /des_decoder_des_decoder_sch_tb/UUT/XLXI_55/XLXI_4/sb1/ : Warning: NUMERIC_STD.TO_INTEGER: metavalue detected, returning 0
at 0 ps, Instance /des_decoder_des_decoder_sch_tb/UUT/XLXI_55/XLXI_4/sb1/ : Warning: NUMERIC_STD.TO_INTEGER: metavalue detected, returning 0
at 0 ps, Instance /des_decoder_des_decoder_sch_tb/UUT/XLXI_55/XLXI_4/sb2/ : Warning: NUMERIC_STD.TO_INTEGER: metavalue detected, returning 0
at 0 ps, Instance /des_decoder_des_decoder_sch_tb/UUT/XLXI_55/XLXI_4/sb2/ : Warning: NUMERIC_STD.TO_INTEGER: metavalue detected, returning 0
at 0 ps, Instance /des_decoder_des_decoder_sch_tb/UUT/XLXI_55/XLXI_4/sb3/ : Warning: NUMERIC_STD.TO_INTEGER: metavalue detected, returning 0
at 0 ps, Instance /des_decoder_des_decoder_sch_tb/UUT/XLXI_55/XLXI_4/sb3/ : Warning: NUMERIC_STD.TO_INTEGER: metavalue detected, returning 0
at 0 ps, Instance /des_decoder_des_decoder_sch_tb/UUT/XLXI_55/XLXI_4/sb4/ : Warning: NUMERIC_STD.TO_INTEGER: metavalue detected, returning 0
at 0 ps, Instance /des_decoder_des_decoder_sch_tb/UUT/XLXI_55/XLXI_4/sb4/ : Warning: NUMERIC_STD.TO_INTEGER: metavalue detected, returning 0
at 0 ps, Instance /des_decoder_des_decoder_sch_tb/UUT/XLXI_55/XLXI_4/sb5/ : Warning: NUMERIC_STD.TO_INTEGER: metavalue detected, returning 0
at 0 ps, Instance /des_decoder_des_decoder_sch_tb/UUT/XLXI_55/XLXI_4/sb5/ : Warning: NUMERIC_STD.TO_INTEGER: metavalue detected, returning 0
at 0 ps, Instance /des_decoder_des_decoder_sch_tb/UUT/XLXI_55/XLXI_4/sb6/ : Warning: NUMERIC_STD.TO_INTEGER: metavalue detected, returning 0
at 0 ps, Instance /des_decoder_des_decoder_sch_tb/UUT/XLXI_55/XLXI_4/sb6/ : Warning: NUMERIC_STD.TO_INTEGER: metavalue detected, returning 0
at 0 ps, Instance /des_decoder_des_decoder_sch_tb/UUT/XLXI_55/XLXI_4/sb7/ : Warning: NUMERIC_STD.TO_INTEGER: metavalue detected, returning 0
at 0 ps, Instance /des_decoder_des_decoder_sch_tb/UUT/XLXI_55/XLXI_4/sb7/ : Warning: NUMERIC_STD.TO_INTEGER: metavalue detected, returning 0
at 0 ps, Instance /des_decoder_des_decoder_sch_tb/UUT/XLXI_60/XLXI_4/sb0/ : Warning: NUMERIC_STD.TO_INTEGER: metavalue detected, returning 0
at 0 ps, Instance /des_decoder_des_decoder_sch_tb/UUT/XLXI_60/XLXI_4/sb0/ : Warning: NUMERIC_STD.TO_INTEGER: metavalue detected, returning 0
at 0 ps, Instance /des_decoder_des_decoder_sch_tb/UUT/XLXI_60/XLXI_4/sb1/ : Warning: NUMERIC_STD.TO_INTEGER: metavalue detected, returning 0
at 0 ps, Instance /des_decoder_des_decoder_sch_tb/UUT/XLXI_60/XLXI_4/sb1/ : Warning: NUMERIC_STD.TO_INTEGER: metavalue detected, returning 0
at 0 ps, Instance /des_decoder_des_decoder_sch_tb/UUT/XLXI_60/XLXI_4/sb2/ : Warning: NUMERIC_STD.TO_INTEGER: metavalue detected, returning 0
at 0 ps, Instance /des_decoder_des_decoder_sch_tb/UUT/XLXI_60/XLXI_4/sb2/ : Warning: NUMERIC_STD.TO_INTEGER: metavalue detected, returning 0
at 0 ps, Instance /des_decoder_des_decoder_sch_tb/UUT/XLXI_60/XLXI_4/sb3/ : Warning: NUMERIC_STD.TO_INTEGER: metavalue detected, returning 0
at 0 ps, Instance /des_decoder_des_decoder_sch_tb/UUT/XLXI_60/XLXI_4/sb3/ : Warning: NUMERIC_STD.TO_INTEGER: metavalue detected, returning 0
at 0 ps, Instance /des_decoder_des_decoder_sch_tb/UUT/XLXI_60/XLXI_4/sb4/ : Warning: NUMERIC_STD.TO_INTEGER: metavalue detected, returning 0
at 0 ps, Instance /des_decoder_des_decoder_sch_tb/UUT/XLXI_60/XLXI_4/sb4/ : Warning: NUMERIC_STD.TO_INTEGER: metavalue detected, returning 0
at 0 ps, Instance /des_decoder_des_decoder_sch_tb/UUT/XLXI_60/XLXI_4/sb5/ : Warning: NUMERIC_STD.TO_INTEGER: metavalue detected, returning 0
at 0 ps, Instance /des_decoder_des_decoder_sch_tb/UUT/XLXI_60/XLXI_4/sb5/ : Warning: NUMERIC_STD.TO_INTEGER: metavalue detected, returning 0
at 0 ps, Instance /des_decoder_des_decoder_sch_tb/UUT/XLXI_60/XLXI_4/sb6/ : Warning: NUMERIC_STD.TO_INTEGER: metavalue detected, returning 0
at 0 ps, Instance /des_decoder_des_decoder_sch_tb/UUT/XLXI_60/XLXI_4/sb6/ : Warning: NUMERIC_STD.TO_INTEGER: metavalue detected, returning 0
at 0 ps, Instance /des_decoder_des_decoder_sch_tb/UUT/XLXI_60/XLXI_4/sb7/ : Warning: NUMERIC_STD.TO_INTEGER: metavalue detected, returning 0
at 0 ps, Instance /des_decoder_des_decoder_sch_tb/UUT/XLXI_60/XLXI_4/sb7/ : Warning: NUMERIC_STD.TO_INTEGER: metavalue detected, returning 0
at 0 ps, Instance /des_decoder_des_decoder_sch_tb/UUT/XLXI_65/XLXI_4/sb0/ : Warning: NUMERIC_STD.TO_INTEGER: metavalue detected, returning 0
at 0 ps, Instance /des_decoder_des_decoder_sch_tb/UUT/XLXI_65/XLXI_4/sb0/ : Warning: NUMERIC_STD.TO_INTEGER: metavalue detected, returning 0
at 0 ps, Instance /des_decoder_des_decoder_sch_tb/UUT/XLXI_65/XLXI_4/sb1/ : Warning: NUMERIC_STD.TO_INTEGER: metavalue detected, returning 0
at 0 ps, Instance /des_decoder_des_decoder_sch_tb/UUT/XLXI_65/XLXI_4/sb1/ : Warning: NUMERIC_STD.TO_INTEGER: metavalue detected, returning 0
at 0 ps, Instance /des_decoder_des_decoder_sch_tb/UUT/XLXI_65/XLXI_4/sb2/ : Warning: NUMERIC_STD.TO_INTEGER: metavalue detected, returning 0
at 0 ps, Instance /des_decoder_des_decoder_sch_tb/UUT/XLXI_65/XLXI_4/sb2/ : Warning: NUMERIC_STD.TO_INTEGER: metavalue detected, returning 0
at 0 ps, Instance /des_decoder_des_decoder_sch_tb/UUT/XLXI_65/XLXI_4/sb3/ : Warning: NUMERIC_STD.TO_INTEGER: metavalue detected, returning 0
at 0 ps, Instance /des_decoder_des_decoder_sch_tb/UUT/XLXI_65/XLXI_4/sb3/ : Warning: NUMERIC_STD.TO_INTEGER: metavalue detected, returning 0
at 0 ps, Instance /des_decoder_des_decoder_sch_tb/UUT/XLXI_65/XLXI_4/sb4/ : Warning: NUMERIC_STD.TO_INTEGER: metavalue detected, returning 0
at 0 ps, Instance /des_decoder_des_decoder_sch_tb/UUT/XLXI_65/XLXI_4/sb4/ : Warning: NUMERIC_STD.TO_INTEGER: metavalue detected, returning 0
at 0 ps, Instance /des_decoder_des_decoder_sch_tb/UUT/XLXI_65/XLXI_4/sb5/ : Warning: NUMERIC_STD.TO_INTEGER: metavalue detected, returning 0
at 0 ps, Instance /des_decoder_des_decoder_sch_tb/UUT/XLXI_65/XLXI_4/sb5/ : Warning: NUMERIC_STD.TO_INTEGER: metavalue detected, returning 0
at 0 ps, Instance /des_decoder_des_decoder_sch_tb/UUT/XLXI_65/XLXI_4/sb6/ : Warning: NUMERIC_STD.TO_INTEGER: metavalue detected, returning 0
at 0 ps, Instance /des_decoder_des_decoder_sch_tb/UUT/XLXI_65/XLXI_4/sb6/ : Warning: NUMERIC_STD.TO_INTEGER: metavalue detected, returning 0
at 0 ps, Instance /des_decoder_des_decoder_sch_tb/UUT/XLXI_65/XLXI_4/sb7/ : Warning: NUMERIC_STD.TO_INTEGER: metavalue detected, returning 0
at 0 ps, Instance /des_decoder_des_decoder_sch_tb/UUT/XLXI_65/XLXI_4/sb7/ : Warning: NUMERIC_STD.TO_INTEGER: metavalue detected, returning 0
at 0 ps, Instance /des_decoder_des_decoder_sch_tb/UUT/XLXI_70/XLXI_4/sb0/ : Warning: NUMERIC_STD.TO_INTEGER: metavalue detected, returning 0
at 0 ps, Instance /des_decoder_des_decoder_sch_tb/UUT/XLXI_70/XLXI_4/sb0/ : Warning: NUMERIC_STD.TO_INTEGER: metavalue detected, returning 0
at 0 ps, Instance /des_decoder_des_decoder_sch_tb/UUT/XLXI_70/XLXI_4/sb1/ : Warning: NUMERIC_STD.TO_INTEGER: metavalue detected, returning 0
at 0 ps, Instance /des_decoder_des_decoder_sch_tb/UUT/XLXI_70/XLXI_4/sb1/ : Warning: NUMERIC_STD.TO_INTEGER: metavalue detected, returning 0
at 0 ps, Instance /des_decoder_des_decoder_sch_tb/UUT/XLXI_70/XLXI_4/sb2/ : Warning: NUMERIC_STD.TO_INTEGER: metavalue detected, returning 0
at 0 ps, Instance /des_decoder_des_decoder_sch_tb/UUT/XLXI_70/XLXI_4/sb2/ : Warning: NUMERIC_STD.TO_INTEGER: metavalue detected, returning 0
at 0 ps, Instance /des_decoder_des_decoder_sch_tb/UUT/XLXI_70/XLXI_4/sb3/ : Warning: NUMERIC_STD.TO_INTEGER: metavalue detected, returning 0
at 0 ps, Instance /des_decoder_des_decoder_sch_tb/UUT/XLXI_70/XLXI_4/sb3/ : Warning: NUMERIC_STD.TO_INTEGER: metavalue detected, returning 0
at 0 ps, Instance /des_decoder_des_decoder_sch_tb/UUT/XLXI_70/XLXI_4/sb4/ : Warning: NUMERIC_STD.TO_INTEGER: metavalue detected, returning 0
at 0 ps, Instance /des_decoder_des_decoder_sch_tb/UUT/XLXI_70/XLXI_4/sb4/ : Warning: NUMERIC_STD.TO_INTEGER: metavalue detected, returning 0
at 0 ps, Instance /des_decoder_des_decoder_sch_tb/UUT/XLXI_70/XLXI_4/sb5/ : Warning: NUMERIC_STD.TO_INTEGER: metavalue detected, returning 0
at 0 ps, Instance /des_decoder_des_decoder_sch_tb/UUT/XLXI_70/XLXI_4/sb5/ : Warning: NUMERIC_STD.TO_INTEGER: metavalue detected, returning 0
at 0 ps, Instance /des_decoder_des_decoder_sch_tb/UUT/XLXI_70/XLXI_4/sb6/ : Warning: NUMERIC_STD.TO_INTEGER: metavalue detected, returning 0
at 0 ps, Instance /des_decoder_des_decoder_sch_tb/UUT/XLXI_70/XLXI_4/sb6/ : Warning: NUMERIC_STD.TO_INTEGER: metavalue detected, returning 0
at 0 ps, Instance /des_decoder_des_decoder_sch_tb/UUT/XLXI_70/XLXI_4/sb7/ : Warning: NUMERIC_STD.TO_INTEGER: metavalue detected, returning 0
at 0 ps, Instance /des_decoder_des_decoder_sch_tb/UUT/XLXI_70/XLXI_4/sb7/ : Warning: NUMERIC_STD.TO_INTEGER: metavalue detected, returning 0
at 0 ps, Instance /des_decoder_des_decoder_sch_tb/UUT/XLXI_77/XLXI_4/sb0/ : Warning: NUMERIC_STD.TO_INTEGER: metavalue detected, returning 0
at 0 ps, Instance /des_decoder_des_decoder_sch_tb/UUT/XLXI_77/XLXI_4/sb0/ : Warning: NUMERIC_STD.TO_INTEGER: metavalue detected, returning 0
at 0 ps, Instance /des_decoder_des_decoder_sch_tb/UUT/XLXI_77/XLXI_4/sb1/ : Warning: NUMERIC_STD.TO_INTEGER: metavalue detected, returning 0
at 0 ps, Instance /des_decoder_des_decoder_sch_tb/UUT/XLXI_77/XLXI_4/sb1/ : Warning: NUMERIC_STD.TO_INTEGER: metavalue detected, returning 0
at 0 ps, Instance /des_decoder_des_decoder_sch_tb/UUT/XLXI_77/XLXI_4/sb2/ : Warning: NUMERIC_STD.TO_INTEGER: metavalue detected, returning 0
at 0 ps, Instance /des_decoder_des_decoder_sch_tb/UUT/XLXI_77/XLXI_4/sb2/ : Warning: NUMERIC_STD.TO_INTEGER: metavalue detected, returning 0
at 0 ps, Instance /des_decoder_des_decoder_sch_tb/UUT/XLXI_77/XLXI_4/sb3/ : Warning: NUMERIC_STD.TO_INTEGER: metavalue detected, returning 0
at 0 ps, Instance /des_decoder_des_decoder_sch_tb/UUT/XLXI_77/XLXI_4/sb3/ : Warning: NUMERIC_STD.TO_INTEGER: metavalue detected, returning 0
at 0 ps, Instance /des_decoder_des_decoder_sch_tb/UUT/XLXI_77/XLXI_4/sb4/ : Warning: NUMERIC_STD.TO_INTEGER: metavalue detected, returning 0
at 0 ps, Instance /des_decoder_des_decoder_sch_tb/UUT/XLXI_77/XLXI_4/sb4/ : Warning: NUMERIC_STD.TO_INTEGER: metavalue detected, returning 0
at 0 ps, Instance /des_decoder_des_decoder_sch_tb/UUT/XLXI_77/XLXI_4/sb5/ : Warning: NUMERIC_STD.TO_INTEGER: metavalue detected, returning 0
at 0 ps, Instance /des_decoder_des_decoder_sch_tb/UUT/XLXI_77/XLXI_4/sb5/ : Warning: NUMERIC_STD.TO_INTEGER: metavalue detected, returning 0
at 0 ps, Instance /des_decoder_des_decoder_sch_tb/UUT/XLXI_77/XLXI_4/sb6/ : Warning: NUMERIC_STD.TO_INTEGER: metavalue detected, returning 0
at 0 ps, Instance /des_decoder_des_decoder_sch_tb/UUT/XLXI_77/XLXI_4/sb6/ : Warning: NUMERIC_STD.TO_INTEGER: metavalue detected, returning 0
at 0 ps, Instance /des_decoder_des_decoder_sch_tb/UUT/XLXI_77/XLXI_4/sb7/ : Warning: NUMERIC_STD.TO_INTEGER: metavalue detected, returning 0
at 0 ps, Instance /des_decoder_des_decoder_sch_tb/UUT/XLXI_77/XLXI_4/sb7/ : Warning: NUMERIC_STD.TO_INTEGER: metavalue detected, returning 0
at 0 ps, Instance /des_decoder_des_decoder_sch_tb/UUT/XLXI_91/XLXI_4/sb0/ : Warning: NUMERIC_STD.TO_INTEGER: metavalue detected, returning 0
at 0 ps, Instance /des_decoder_des_decoder_sch_tb/UUT/XLXI_91/XLXI_4/sb0/ : Warning: NUMERIC_STD.TO_INTEGER: metavalue detected, returning 0
at 0 ps, Instance /des_decoder_des_decoder_sch_tb/UUT/XLXI_91/XLXI_4/sb1/ : Warning: NUMERIC_STD.TO_INTEGER: metavalue detected, returning 0
at 0 ps, Instance /des_decoder_des_decoder_sch_tb/UUT/XLXI_91/XLXI_4/sb1/ : Warning: NUMERIC_STD.TO_INTEGER: metavalue detected, returning 0
at 0 ps, Instance /des_decoder_des_decoder_sch_tb/UUT/XLXI_91/XLXI_4/sb2/ : Warning: NUMERIC_STD.TO_INTEGER: metavalue detected, returning 0
at 0 ps, Instance /des_decoder_des_decoder_sch_tb/UUT/XLXI_91/XLXI_4/sb2/ : Warning: NUMERIC_STD.TO_INTEGER: metavalue detected, returning 0
at 0 ps, Instance /des_decoder_des_decoder_sch_tb/UUT/XLXI_91/XLXI_4/sb3/ : Warning: NUMERIC_STD.TO_INTEGER: metavalue detected, returning 0
at 0 ps, Instance /des_decoder_des_decoder_sch_tb/UUT/XLXI_91/XLXI_4/sb3/ : Warning: NUMERIC_STD.TO_INTEGER: metavalue detected, returning 0
at 0 ps, Instance /des_decoder_des_decoder_sch_tb/UUT/XLXI_91/XLXI_4/sb4/ : Warning: NUMERIC_STD.TO_INTEGER: metavalue detected, returning 0
at 0 ps, Instance /des_decoder_des_decoder_sch_tb/UUT/XLXI_91/XLXI_4/sb4/ : Warning: NUMERIC_STD.TO_INTEGER: metavalue detected, returning 0
at 0 ps, Instance /des_decoder_des_decoder_sch_tb/UUT/XLXI_91/XLXI_4/sb5/ : Warning: NUMERIC_STD.TO_INTEGER: metavalue detected, returning 0
at 0 ps, Instance /des_decoder_des_decoder_sch_tb/UUT/XLXI_91/XLXI_4/sb5/ : Warning: NUMERIC_STD.TO_INTEGER: metavalue detected, returning 0
at 0 ps, Instance /des_decoder_des_decoder_sch_tb/UUT/XLXI_91/XLXI_4/sb6/ : Warning: NUMERIC_STD.TO_INTEGER: metavalue detected, returning 0
at 0 ps, Instance /des_decoder_des_decoder_sch_tb/UUT/XLXI_91/XLXI_4/sb6/ : Warning: NUMERIC_STD.TO_INTEGER: metavalue detected, returning 0
at 0 ps, Instance /des_decoder_des_decoder_sch_tb/UUT/XLXI_91/XLXI_4/sb7/ : Warning: NUMERIC_STD.TO_INTEGER: metavalue detected, returning 0
at 0 ps, Instance /des_decoder_des_decoder_sch_tb/UUT/XLXI_91/XLXI_4/sb7/ : Warning: NUMERIC_STD.TO_INTEGER: metavalue detected, returning 0
at 0 ps, Instance /des_decoder_des_decoder_sch_tb/UUT/XLXI_106/XLXI_4/sb0/ : Warning: NUMERIC_STD.TO_INTEGER: metavalue detected, returning 0
at 0 ps, Instance /des_decoder_des_decoder_sch_tb/UUT/XLXI_106/XLXI_4/sb0/ : Warning: NUMERIC_STD.TO_INTEGER: metavalue detected, returning 0
at 0 ps, Instance /des_decoder_des_decoder_sch_tb/UUT/XLXI_106/XLXI_4/sb1/ : Warning: NUMERIC_STD.TO_INTEGER: metavalue detected, returning 0
at 0 ps, Instance /des_decoder_des_decoder_sch_tb/UUT/XLXI_106/XLXI_4/sb1/ : Warning: NUMERIC_STD.TO_INTEGER: metavalue detected, returning 0
at 0 ps, Instance /des_decoder_des_decoder_sch_tb/UUT/XLXI_106/XLXI_4/sb2/ : Warning: NUMERIC_STD.TO_INTEGER: metavalue detected, returning 0
at 0 ps, Instance /des_decoder_des_decoder_sch_tb/UUT/XLXI_106/XLXI_4/sb2/ : Warning: NUMERIC_STD.TO_INTEGER: metavalue detected, returning 0
at 0 ps, Instance /des_decoder_des_decoder_sch_tb/UUT/XLXI_106/XLXI_4/sb3/ : Warning: NUMERIC_STD.TO_INTEGER: metavalue detected, returning 0
at 0 ps, Instance /des_decoder_des_decoder_sch_tb/UUT/XLXI_106/XLXI_4/sb3/ : Warning: NUMERIC_STD.TO_INTEGER: metavalue detected, returning 0
at 0 ps, Instance /des_decoder_des_decoder_sch_tb/UUT/XLXI_106/XLXI_4/sb4/ : Warning: NUMERIC_STD.TO_INTEGER: metavalue detected, returning 0
at 0 ps, Instance /des_decoder_des_decoder_sch_tb/UUT/XLXI_106/XLXI_4/sb4/ : Warning: NUMERIC_STD.TO_INTEGER: metavalue detected, returning 0
at 0 ps, Instance /des_decoder_des_decoder_sch_tb/UUT/XLXI_106/XLXI_4/sb5/ : Warning: NUMERIC_STD.TO_INTEGER: metavalue detected, returning 0
at 0 ps, Instance /des_decoder_des_decoder_sch_tb/UUT/XLXI_106/XLXI_4/sb5/ : Warning: NUMERIC_STD.TO_INTEGER: metavalue detected, returning 0
at 0 ps, Instance /des_decoder_des_decoder_sch_tb/UUT/XLXI_106/XLXI_4/sb6/ : Warning: NUMERIC_STD.TO_INTEGER: metavalue detected, returning 0
at 0 ps, Instance /des_decoder_des_decoder_sch_tb/UUT/XLXI_106/XLXI_4/sb6/ : Warning: NUMERIC_STD.TO_INTEGER: metavalue detected, returning 0
at 0 ps, Instance /des_decoder_des_decoder_sch_tb/UUT/XLXI_106/XLXI_4/sb7/ : Warning: NUMERIC_STD.TO_INTEGER: metavalue detected, returning 0
at 0 ps, Instance /des_decoder_des_decoder_sch_tb/UUT/XLXI_106/XLXI_4/sb7/ : Warning: NUMERIC_STD.TO_INTEGER: metavalue detected, returning 0
at 0 ps, Instance /des_decoder_des_decoder_sch_tb/UUT/XLXI_111/XLXI_4/sb0/ : Warning: NUMERIC_STD.TO_INTEGER: metavalue detected, returning 0
at 0 ps, Instance /des_decoder_des_decoder_sch_tb/UUT/XLXI_111/XLXI_4/sb0/ : Warning: NUMERIC_STD.TO_INTEGER: metavalue detected, returning 0
at 0 ps, Instance /des_decoder_des_decoder_sch_tb/UUT/XLXI_111/XLXI_4/sb1/ : Warning: NUMERIC_STD.TO_INTEGER: metavalue detected, returning 0
at 0 ps, Instance /des_decoder_des_decoder_sch_tb/UUT/XLXI_111/XLXI_4/sb1/ : Warning: NUMERIC_STD.TO_INTEGER: metavalue detected, returning 0
at 0 ps, Instance /des_decoder_des_decoder_sch_tb/UUT/XLXI_111/XLXI_4/sb2/ : Warning: NUMERIC_STD.TO_INTEGER: metavalue detected, returning 0
at 0 ps, Instance /des_decoder_des_decoder_sch_tb/UUT/XLXI_111/XLXI_4/sb2/ : Warning: NUMERIC_STD.TO_INTEGER: metavalue detected, returning 0
at 0 ps, Instance /des_decoder_des_decoder_sch_tb/UUT/XLXI_111/XLXI_4/sb3/ : Warning: NUMERIC_STD.TO_INTEGER: metavalue detected, returning 0
at 0 ps, Instance /des_decoder_des_decoder_sch_tb/UUT/XLXI_111/XLXI_4/sb3/ : Warning: NUMERIC_STD.TO_INTEGER: metavalue detected, returning 0
at 0 ps, Instance /des_decoder_des_decoder_sch_tb/UUT/XLXI_111/XLXI_4/sb4/ : Warning: NUMERIC_STD.TO_INTEGER: metavalue detected, returning 0
at 0 ps, Instance /des_decoder_des_decoder_sch_tb/UUT/XLXI_111/XLXI_4/sb4/ : Warning: NUMERIC_STD.TO_INTEGER: metavalue detected, returning 0
at 0 ps, Instance /des_decoder_des_decoder_sch_tb/UUT/XLXI_111/XLXI_4/sb5/ : Warning: NUMERIC_STD.TO_INTEGER: metavalue detected, returning 0
at 0 ps, Instance /des_decoder_des_decoder_sch_tb/UUT/XLXI_111/XLXI_4/sb5/ : Warning: NUMERIC_STD.TO_INTEGER: metavalue detected, returning 0
at 0 ps, Instance /des_decoder_des_decoder_sch_tb/UUT/XLXI_111/XLXI_4/sb6/ : Warning: NUMERIC_STD.TO_INTEGER: metavalue detected, returning 0
at 0 ps, Instance /des_decoder_des_decoder_sch_tb/UUT/XLXI_111/XLXI_4/sb6/ : Warning: NUMERIC_STD.TO_INTEGER: metavalue detected, returning 0
at 0 ps, Instance /des_decoder_des_decoder_sch_tb/UUT/XLXI_111/XLXI_4/sb7/ : Warning: NUMERIC_STD.TO_INTEGER: metavalue detected, returning 0
at 0 ps, Instance /des_decoder_des_decoder_sch_tb/UUT/XLXI_111/XLXI_4/sb7/ : Warning: NUMERIC_STD.TO_INTEGER: metavalue detected, returning 0
at 0 ps, Instance /des_decoder_des_decoder_sch_tb/UUT/XLXI_116/XLXI_4/sb0/ : Warning: NUMERIC_STD.TO_INTEGER: metavalue detected, returning 0
at 0 ps, Instance /des_decoder_des_decoder_sch_tb/UUT/XLXI_116/XLXI_4/sb0/ : Warning: NUMERIC_STD.TO_INTEGER: metavalue detected, returning 0
at 0 ps, Instance /des_decoder_des_decoder_sch_tb/UUT/XLXI_116/XLXI_4/sb1/ : Warning: NUMERIC_STD.TO_INTEGER: metavalue detected, returning 0
at 0 ps, Instance /des_decoder_des_decoder_sch_tb/UUT/XLXI_116/XLXI_4/sb1/ : Warning: NUMERIC_STD.TO_INTEGER: metavalue detected, returning 0
at 0 ps, Instance /des_decoder_des_decoder_sch_tb/UUT/XLXI_116/XLXI_4/sb2/ : Warning: NUMERIC_STD.TO_INTEGER: metavalue detected, returning 0
at 0 ps, Instance /des_decoder_des_decoder_sch_tb/UUT/XLXI_116/XLXI_4/sb2/ : Warning: NUMERIC_STD.TO_INTEGER: metavalue detected, returning 0
at 0 ps, Instance /des_decoder_des_decoder_sch_tb/UUT/XLXI_116/XLXI_4/sb3/ : Warning: NUMERIC_STD.TO_INTEGER: metavalue detected, returning 0
at 0 ps, Instance /des_decoder_des_decoder_sch_tb/UUT/XLXI_116/XLXI_4/sb3/ : Warning: NUMERIC_STD.TO_INTEGER: metavalue detected, returning 0
at 0 ps, Instance /des_decoder_des_decoder_sch_tb/UUT/XLXI_116/XLXI_4/sb4/ : Warning: NUMERIC_STD.TO_INTEGER: metavalue detected, returning 0
at 0 ps, Instance /des_decoder_des_decoder_sch_tb/UUT/XLXI_116/XLXI_4/sb4/ : Warning: NUMERIC_STD.TO_INTEGER: metavalue detected, returning 0
at 0 ps, Instance /des_decoder_des_decoder_sch_tb/UUT/XLXI_116/XLXI_4/sb5/ : Warning: NUMERIC_STD.TO_INTEGER: metavalue detected, returning 0
at 0 ps, Instance /des_decoder_des_decoder_sch_tb/UUT/XLXI_116/XLXI_4/sb5/ : Warning: NUMERIC_STD.TO_INTEGER: metavalue detected, returning 0
at 0 ps, Instance /des_decoder_des_decoder_sch_tb/UUT/XLXI_116/XLXI_4/sb6/ : Warning: NUMERIC_STD.TO_INTEGER: metavalue detected, returning 0
at 0 ps, Instance /des_decoder_des_decoder_sch_tb/UUT/XLXI_116/XLXI_4/sb6/ : Warning: NUMERIC_STD.TO_INTEGER: metavalue detected, returning 0
at 0 ps, Instance /des_decoder_des_decoder_sch_tb/UUT/XLXI_116/XLXI_4/sb7/ : Warning: NUMERIC_STD.TO_INTEGER: metavalue detected, returning 0
at 0 ps, Instance /des_decoder_des_decoder_sch_tb/UUT/XLXI_116/XLXI_4/sb7/ : Warning: NUMERIC_STD.TO_INTEGER: metavalue detected, returning 0
at 0 ps, Instance /des_decoder_des_decoder_sch_tb/UUT/XLXI_121/XLXI_4/sb0/ : Warning: NUMERIC_STD.TO_INTEGER: metavalue detected, returning 0
at 0 ps, Instance /des_decoder_des_decoder_sch_tb/UUT/XLXI_121/XLXI_4/sb0/ : Warning: NUMERIC_STD.TO_INTEGER: metavalue detected, returning 0
at 0 ps, Instance /des_decoder_des_decoder_sch_tb/UUT/XLXI_121/XLXI_4/sb1/ : Warning: NUMERIC_STD.TO_INTEGER: metavalue detected, returning 0
at 0 ps, Instance /des_decoder_des_decoder_sch_tb/UUT/XLXI_121/XLXI_4/sb1/ : Warning: NUMERIC_STD.TO_INTEGER: metavalue detected, returning 0
at 0 ps, Instance /des_decoder_des_decoder_sch_tb/UUT/XLXI_121/XLXI_4/sb2/ : Warning: NUMERIC_STD.TO_INTEGER: metavalue detected, returning 0
at 0 ps, Instance /des_decoder_des_decoder_sch_tb/UUT/XLXI_121/XLXI_4/sb2/ : Warning: NUMERIC_STD.TO_INTEGER: metavalue detected, returning 0
at 0 ps, Instance /des_decoder_des_decoder_sch_tb/UUT/XLXI_121/XLXI_4/sb3/ : Warning: NUMERIC_STD.TO_INTEGER: metavalue detected, returning 0
at 0 ps, Instance /des_decoder_des_decoder_sch_tb/UUT/XLXI_121/XLXI_4/sb3/ : Warning: NUMERIC_STD.TO_INTEGER: metavalue detected, returning 0
at 0 ps, Instance /des_decoder_des_decoder_sch_tb/UUT/XLXI_121/XLXI_4/sb4/ : Warning: NUMERIC_STD.TO_INTEGER: metavalue detected, returning 0
at 0 ps, Instance /des_decoder_des_decoder_sch_tb/UUT/XLXI_121/XLXI_4/sb4/ : Warning: NUMERIC_STD.TO_INTEGER: metavalue detected, returning 0
at 0 ps, Instance /des_decoder_des_decoder_sch_tb/UUT/XLXI_121/XLXI_4/sb5/ : Warning: NUMERIC_STD.TO_INTEGER: metavalue detected, returning 0
at 0 ps, Instance /des_decoder_des_decoder_sch_tb/UUT/XLXI_121/XLXI_4/sb5/ : Warning: NUMERIC_STD.TO_INTEGER: metavalue detected, returning 0
at 0 ps, Instance /des_decoder_des_decoder_sch_tb/UUT/XLXI_121/XLXI_4/sb6/ : Warning: NUMERIC_STD.TO_INTEGER: metavalue detected, returning 0
at 0 ps, Instance /des_decoder_des_decoder_sch_tb/UUT/XLXI_121/XLXI_4/sb6/ : Warning: NUMERIC_STD.TO_INTEGER: metavalue detected, returning 0
at 0 ps, Instance /des_decoder_des_decoder_sch_tb/UUT/XLXI_121/XLXI_4/sb7/ : Warning: NUMERIC_STD.TO_INTEGER: metavalue detected, returning 0
at 0 ps, Instance /des_decoder_des_decoder_sch_tb/UUT/XLXI_121/XLXI_4/sb7/ : Warning: NUMERIC_STD.TO_INTEGER: metavalue detected, returning 0
at 0 ps, Instance /des_decoder_des_decoder_sch_tb/UUT/XLXI_128/XLXI_4/sb0/ : Warning: NUMERIC_STD.TO_INTEGER: metavalue detected, returning 0
at 0 ps, Instance /des_decoder_des_decoder_sch_tb/UUT/XLXI_128/XLXI_4/sb0/ : Warning: NUMERIC_STD.TO_INTEGER: metavalue detected, returning 0
at 0 ps, Instance /des_decoder_des_decoder_sch_tb/UUT/XLXI_128/XLXI_4/sb1/ : Warning: NUMERIC_STD.TO_INTEGER: metavalue detected, returning 0
at 0 ps, Instance /des_decoder_des_decoder_sch_tb/UUT/XLXI_128/XLXI_4/sb1/ : Warning: NUMERIC_STD.TO_INTEGER: metavalue detected, returning 0
at 0 ps, Instance /des_decoder_des_decoder_sch_tb/UUT/XLXI_128/XLXI_4/sb2/ : Warning: NUMERIC_STD.TO_INTEGER: metavalue detected, returning 0
at 0 ps, Instance /des_decoder_des_decoder_sch_tb/UUT/XLXI_128/XLXI_4/sb2/ : Warning: NUMERIC_STD.TO_INTEGER: metavalue detected, returning 0
at 0 ps, Instance /des_decoder_des_decoder_sch_tb/UUT/XLXI_128/XLXI_4/sb3/ : Warning: NUMERIC_STD.TO_INTEGER: metavalue detected, returning 0
at 0 ps, Instance /des_decoder_des_decoder_sch_tb/UUT/XLXI_128/XLXI_4/sb3/ : Warning: NUMERIC_STD.TO_INTEGER: metavalue detected, returning 0
at 0 ps, Instance /des_decoder_des_decoder_sch_tb/UUT/XLXI_128/XLXI_4/sb4/ : Warning: NUMERIC_STD.TO_INTEGER: metavalue detected, returning 0
at 0 ps, Instance /des_decoder_des_decoder_sch_tb/UUT/XLXI_128/XLXI_4/sb4/ : Warning: NUMERIC_STD.TO_INTEGER: metavalue detected, returning 0
at 0 ps, Instance /des_decoder_des_decoder_sch_tb/UUT/XLXI_128/XLXI_4/sb5/ : Warning: NUMERIC_STD.TO_INTEGER: metavalue detected, returning 0
at 0 ps, Instance /des_decoder_des_decoder_sch_tb/UUT/XLXI_128/XLXI_4/sb5/ : Warning: NUMERIC_STD.TO_INTEGER: metavalue detected, returning 0
at 0 ps, Instance /des_decoder_des_decoder_sch_tb/UUT/XLXI_128/XLXI_4/sb6/ : Warning: NUMERIC_STD.TO_INTEGER: metavalue detected, returning 0
at 0 ps, Instance /des_decoder_des_decoder_sch_tb/UUT/XLXI_128/XLXI_4/sb6/ : Warning: NUMERIC_STD.TO_INTEGER: metavalue detected, returning 0
at 0 ps, Instance /des_decoder_des_decoder_sch_tb/UUT/XLXI_128/XLXI_4/sb7/ : Warning: NUMERIC_STD.TO_INTEGER: metavalue detected, returning 0
at 0 ps, Instance /des_decoder_des_decoder_sch_tb/UUT/XLXI_128/XLXI_4/sb7/ : Warning: NUMERIC_STD.TO_INTEGER: metavalue detected, returning 0
