Command line:
   DES_Decoder_DES_Decoder_sch_tb_isim_beh.exe
     -simmode  gui
     -simrunnum  0
     -socket  54551

Sat Jun 30 14:26:59 2018


 Elaboration Time: 0.109375 sec

 Current Memory Usage: 5360.16 Meg

 Total Signals          : 1480
 Total Nets             : 12378
 Total Signal Drivers   : 3928
 Total Blocks           : 3312
 Total Primitive Blocks : 3197
 Total Processes        : 3879
 Total Traceable Variables  : 3211
 Total Scalar Nets and Variables : 26304
Total Line Count : 1012

 Total Simulation Time: 0.171875 sec

 Current Memory Usage: 5202.87 Meg

Sat Jun 30 14:39:27 2018

